<?xml version="1.0" encoding="utf-8"?>
<coverage line-rate="0.8894" branch-rate="0" version="1.9" timestamp="1760215024" lines-covered="185" lines-valid="208" branches-covered="0" branches-valid="4">
  <sources>
    <source>C:\Users\glopez\Desktop\PBI\civita-back\</source>
  </sources>
  <packages>
    <package name="CivitaBack.Data" line-rate="0.863" branch-rate="0" complexity="125">
      <classes>
        <class name="AppDbContextFactory" filename="CivitaBack.Data\EF\AppDbContextFactory.cs" line-rate="0" branch-rate="0" complexity="4">
          <methods>
            <method name="CreateDbContext" signature="(System.String[])" line-rate="0" branch-rate="0" complexity="4">
              <lines>
                <line number="11" hits="0" branch="False" />
                <line number="13" hits="0" branch="True" condition-coverage="0% (0/2)">
                  <conditions>
                    <condition number="12" type="jump" coverage="0%" />
                  </conditions>
                </line>
                <line number="14" hits="0" branch="False" />
                <line number="17" hits="0" branch="False" />
                <line number="20" hits="0" branch="False" />
                <line number="21" hits="0" branch="False" />
                <line number="22" hits="0" branch="False" />
                <line number="23" hits="0" branch="False" />
                <line number="24" hits="0" branch="False" />
                <line number="25" hits="0" branch="False" />
                <line number="26" hits="0" branch="False" />
                <line number="29" hits="0" branch="False" />
                <line number="30" hits="0" branch="True" condition-coverage="0% (0/2)">
                  <conditions>
                    <condition number="155" type="jump" coverage="0%" />
                  </conditions>
                </line>
                <line number="31" hits="0" branch="False" />
                <line number="32" hits="0" branch="False" />
                <line number="36" hits="0" branch="False" />
                <line number="37" hits="0" branch="False" />
                <line number="39" hits="0" branch="False" />
                <line number="40" hits="0" branch="False" />
              </lines>
            </method>
          </methods>
          <lines>
            <line number="11" hits="0" branch="False" />
            <line number="13" hits="0" branch="True" condition-coverage="0% (0/2)">
              <conditions>
                <condition number="12" type="jump" coverage="0%" />
              </conditions>
            </line>
            <line number="14" hits="0" branch="False" />
            <line number="17" hits="0" branch="False" />
            <line number="20" hits="0" branch="False" />
            <line number="21" hits="0" branch="False" />
            <line number="22" hits="0" branch="False" />
            <line number="23" hits="0" branch="False" />
            <line number="24" hits="0" branch="False" />
            <line number="25" hits="0" branch="False" />
            <line number="26" hits="0" branch="False" />
            <line number="29" hits="0" branch="False" />
            <line number="30" hits="0" branch="True" condition-coverage="0% (0/2)">
              <conditions>
                <condition number="155" type="jump" coverage="0%" />
              </conditions>
            </line>
            <line number="31" hits="0" branch="False" />
            <line number="32" hits="0" branch="False" />
            <line number="36" hits="0" branch="False" />
            <line number="37" hits="0" branch="False" />
            <line number="39" hits="0" branch="False" />
            <line number="40" hits="0" branch="False" />
          </lines>
        </class>
        <class name="CivitaBack.Data.Repositorio.RepositorioPartida" filename="CivitaBack.Data\Repositorio\RepositorioPartida.cs" line-rate="1" branch-rate="1" complexity="4">
          <methods>
            <method name="CrearPartida" signature="(CivitaBack.Data.BO.Usuario)" line-rate="1" branch-rate="1" complexity="1">
              <lines>
                <line number="29" hits="6" branch="False" />
                <line number="30" hits="6" branch="False" />
                <line number="31" hits="6" branch="False" />
                <line number="33" hits="6" branch="False" />
                <line number="34" hits="6" branch="False" />
                <line number="35" hits="6" branch="False" />
                <line number="36" hits="6" branch="False" />
                <line number="37" hits="6" branch="False" />
                <line number="38" hits="6" branch="False" />
                <line number="39" hits="6" branch="False" />
                <line number="40" hits="6" branch="False" />
              </lines>
            </method>
            <method name="ObtenerPartidas" signature="()" line-rate="1" branch-rate="1" complexity="1">
              <lines>
                <line number="43" hits="2" branch="False" />
                <line number="44" hits="2" branch="False" />
                <line number="45" hits="2" branch="False" />
              </lines>
            </method>
            <method name="ObtenerPorUsuarioId" signature="(System.Int32)" line-rate="1" branch-rate="1" complexity="1">
              <lines>
                <line number="48" hits="1" branch="False" />
                <line number="49" hits="1" branch="False" />
              </lines>
            </method>
            <method name=".ctor" signature="(CivitaBack.Data.EF.AppDbContext)" line-rate="1" branch-rate="1" complexity="1">
              <lines>
                <line number="23" hits="8" branch="False" />
                <line number="24" hits="8" branch="False" />
                <line number="25" hits="8" branch="False" />
                <line number="26" hits="8" branch="False" />
              </lines>
            </method>
          </methods>
          <lines>
            <line number="29" hits="6" branch="False" />
            <line number="30" hits="6" branch="False" />
            <line number="31" hits="6" branch="False" />
            <line number="33" hits="6" branch="False" />
            <line number="34" hits="6" branch="False" />
            <line number="35" hits="6" branch="False" />
            <line number="36" hits="6" branch="False" />
            <line number="37" hits="6" branch="False" />
            <line number="38" hits="6" branch="False" />
            <line number="39" hits="6" branch="False" />
            <line number="40" hits="6" branch="False" />
            <line number="43" hits="2" branch="False" />
            <line number="44" hits="2" branch="False" />
            <line number="45" hits="2" branch="False" />
            <line number="48" hits="1" branch="False" />
            <line number="49" hits="1" branch="False" />
            <line number="23" hits="8" branch="False" />
            <line number="24" hits="8" branch="False" />
            <line number="25" hits="8" branch="False" />
            <line number="26" hits="8" branch="False" />
          </lines>
        </class>
        <class name="CivitaBack.Data.EF.AppDbContext" filename="CivitaBack.Data\EF\AppDbContext.cs" line-rate="1" branch-rate="1" complexity="18">
          <methods>
            <method name="get_Partida" signature="()" line-rate="1" branch-rate="1" complexity="1">
              <lines>
                <line number="8" hits="24" branch="False" />
              </lines>
            </method>
            <method name="get_Usuario" signature="()" line-rate="1" branch-rate="1" complexity="1">
              <lines>
                <line number="9" hits="23" branch="False" />
              </lines>
            </method>
            <method name="get_Estructura" signature="()" line-rate="1" branch-rate="1" complexity="1">
              <lines>
                <line number="10" hits="21" branch="False" />
              </lines>
            </method>
            <method name="get_TipoEstructura" signature="()" line-rate="1" branch-rate="1" complexity="1">
              <lines>
                <line number="11" hits="21" branch="False" />
              </lines>
            </method>
            <method name="get_Recurso" signature="()" line-rate="1" branch-rate="1" complexity="1">
              <lines>
                <line number="12" hits="19" branch="False" />
              </lines>
            </method>
            <method name="get_Evento" signature="()" line-rate="1" branch-rate="1" complexity="1">
              <lines>
                <line number="13" hits="19" branch="False" />
              </lines>
            </method>
            <method name="get_EventoMaestro" signature="()" line-rate="1" branch-rate="1" complexity="1">
              <lines>
                <line number="14" hits="21" branch="False" />
              </lines>
            </method>
            <method name="get_Tienda" signature="()" line-rate="1" branch-rate="1" complexity="1">
              <lines>
                <line number="15" hits="19" branch="False" />
              </lines>
            </method>
            <method name="get_EstructuraEnMapa" signature="()" line-rate="1" branch-rate="1" complexity="1">
              <lines>
                <line number="16" hits="19" branch="False" />
              </lines>
            </method>
            <method name="get_Tip" signature="()" line-rate="1" branch-rate="1" complexity="1">
              <lines>
                <line number="17" hits="19" branch="False" />
              </lines>
            </method>
            <method name="get_TipEnPartida" signature="()" line-rate="1" branch-rate="1" complexity="1">
              <lines>
                <line number="18" hits="19" branch="False" />
              </lines>
            </method>
            <method name="get_TipoTip" signature="()" line-rate="1" branch-rate="1" complexity="1">
              <lines>
                <line number="19" hits="21" branch="False" />
              </lines>
            </method>
            <method name="get_Condicion" signature="()" line-rate="1" branch-rate="1" complexity="1">
              <lines>
                <line number="20" hits="19" branch="False" />
              </lines>
            </method>
            <method name="get_TipoLogro" signature="()" line-rate="1" branch-rate="1" complexity="1">
              <lines>
                <line number="21" hits="21" branch="False" />
              </lines>
            </method>
            <method name="get_Logro" signature="()" line-rate="1" branch-rate="1" complexity="1">
              <lines>
                <line number="22" hits="19" branch="False" />
              </lines>
            </method>
            <method name="get_LogroPartida" signature="()" line-rate="1" branch-rate="1" complexity="1">
              <lines>
                <line number="23" hits="19" branch="False" />
              </lines>
            </method>
            <method name="OnModelCreating" signature="(Microsoft.EntityFrameworkCore.ModelBuilder)" line-rate="1" branch-rate="1" complexity="1">
              <lines>
                <line number="28" hits="1" branch="False" />
                <line number="29" hits="1" branch="False" />
                <line number="32" hits="1" branch="False" />
                <line number="33" hits="1" branch="False" />
                <line number="35" hits="1" branch="False" />
                <line number="36" hits="1" branch="False" />
                <line number="37" hits="1" branch="False" />
                <line number="38" hits="1" branch="False" />
                <line number="40" hits="1" branch="False" />
                <line number="41" hits="1" branch="False" />
                <line number="42" hits="1" branch="False" />
                <line number="43" hits="1" branch="False" />
                <line number="44" hits="1" branch="False" />
              </lines>
            </method>
            <method name=".ctor" signature="(Microsoft.EntityFrameworkCore.DbContextOptions`1&lt;CivitaBack.Data.EF.AppDbContext&gt;)" line-rate="1" branch-rate="1" complexity="1">
              <lines>
                <line number="25" hits="54" branch="False" />
              </lines>
            </method>
          </methods>
          <lines>
            <line number="8" hits="24" branch="False" />
            <line number="9" hits="23" branch="False" />
            <line number="10" hits="21" branch="False" />
            <line number="11" hits="21" branch="False" />
            <line number="12" hits="19" branch="False" />
            <line number="13" hits="19" branch="False" />
            <line number="14" hits="21" branch="False" />
            <line number="15" hits="19" branch="False" />
            <line number="16" hits="19" branch="False" />
            <line number="17" hits="19" branch="False" />
            <line number="18" hits="19" branch="False" />
            <line number="19" hits="21" branch="False" />
            <line number="20" hits="19" branch="False" />
            <line number="21" hits="21" branch="False" />
            <line number="22" hits="19" branch="False" />
            <line number="23" hits="19" branch="False" />
            <line number="28" hits="1" branch="False" />
            <line number="29" hits="1" branch="False" />
            <line number="32" hits="1" branch="False" />
            <line number="33" hits="1" branch="False" />
            <line number="35" hits="1" branch="False" />
            <line number="36" hits="1" branch="False" />
            <line number="37" hits="1" branch="False" />
            <line number="38" hits="1" branch="False" />
            <line number="40" hits="1" branch="False" />
            <line number="41" hits="1" branch="False" />
            <line number="42" hits="1" branch="False" />
            <line number="43" hits="1" branch="False" />
            <line number="44" hits="1" branch="False" />
            <line number="25" hits="54" branch="False" />
          </lines>
        </class>
        <class name="CivitaBack.Data.DTO.PartidaDTO" filename="CivitaBack.Data\DTO\PartidaDTO.cs" line-rate="1" branch-rate="1" complexity="2">
          <methods>
            <method name="get_Id" signature="()" line-rate="1" branch-rate="1" complexity="1">
              <lines>
                <line number="12" hits="19" branch="False" />
              </lines>
            </method>
            <method name="get_Partida" signature="()" line-rate="1" branch-rate="1" complexity="1">
              <lines>
                <line number="13" hits="28" branch="False" />
              </lines>
            </method>
          </methods>
          <lines>
            <line number="12" hits="19" branch="False" />
            <line number="13" hits="28" branch="False" />
          </lines>
        </class>
        <class name="CivitaBack.Data.BO.Condicion" filename="CivitaBack.Data\BO\Condicion.cs" line-rate="1" branch-rate="1" complexity="6">
          <methods>
            <method name="get_Id" signature="()" line-rate="1" branch-rate="1" complexity="1">
              <lines>
                <line number="15" hits="8" branch="False" />
              </lines>
            </method>
            <method name="get_Cantidad" signature="()" line-rate="1" branch-rate="1" complexity="1">
              <lines>
                <line number="17" hits="8" branch="False" />
              </lines>
            </method>
            <method name="get_EstructuraId" signature="()" line-rate="1" branch-rate="1" complexity="1">
              <lines>
                <line number="19" hits="7" branch="False" />
              </lines>
            </method>
            <method name="get_Estructura" signature="()" line-rate="1" branch-rate="1" complexity="1">
              <lines>
                <line number="20" hits="5" branch="False" />
              </lines>
            </method>
            <method name="get_RecursoId" signature="()" line-rate="1" branch-rate="1" complexity="1">
              <lines>
                <line number="22" hits="7" branch="False" />
              </lines>
            </method>
            <method name="get_Recurso" signature="()" line-rate="1" branch-rate="1" complexity="1">
              <lines>
                <line number="23" hits="5" branch="False" />
              </lines>
            </method>
          </methods>
          <lines>
            <line number="15" hits="8" branch="False" />
            <line number="17" hits="8" branch="False" />
            <line number="19" hits="7" branch="False" />
            <line number="20" hits="5" branch="False" />
            <line number="22" hits="7" branch="False" />
            <line number="23" hits="5" branch="False" />
          </lines>
        </class>
        <class name="CivitaBack.Data.BO.Estructura" filename="CivitaBack.Data\BO\Estructura.cs" line-rate="1" branch-rate="1" complexity="11">
          <methods>
            <method name="get_Id" signature="()" line-rate="1" branch-rate="1" complexity="1">
              <lines>
                <line number="10" hits="7" branch="False" />
              </lines>
            </method>
            <method name="get_Nombre" signature="()" line-rate="1" branch-rate="1" complexity="1">
              <lines>
                <line number="12" hits="6" branch="False" />
              </lines>
            </method>
            <method name="get_EsMejorable" signature="()" line-rate="1" branch-rate="1" complexity="1">
              <lines>
                <line number="13" hits="8" branch="False" />
              </lines>
            </method>
            <method name="get_RutaImagen" signature="()" line-rate="1" branch-rate="1" complexity="1">
              <lines>
                <line number="14" hits="5" branch="False" />
              </lines>
            </method>
            <method name="get_CostoEnergia" signature="()" line-rate="1" branch-rate="1" complexity="1">
              <lines>
                <line number="15" hits="3" branch="False" />
              </lines>
            </method>
            <method name="get_CostoDinero" signature="()" line-rate="1" branch-rate="1" complexity="1">
              <lines>
                <line number="16" hits="3" branch="False" />
              </lines>
            </method>
            <method name="get_FelicidadCiclo" signature="()" line-rate="1" branch-rate="1" complexity="1">
              <lines>
                <line number="17" hits="3" branch="False" />
              </lines>
            </method>
            <method name="get_ContaminacionCiclo" signature="()" line-rate="1" branch-rate="1" complexity="1">
              <lines>
                <line number="18" hits="3" branch="False" />
              </lines>
            </method>
            <method name="get_TipoEstructuraId" signature="()" line-rate="1" branch-rate="1" complexity="1">
              <lines>
                <line number="20" hits="3" branch="False" />
              </lines>
            </method>
            <method name="get_TipoEstructura" signature="()" line-rate="1" branch-rate="1" complexity="1">
              <lines>
                <line number="21" hits="6" branch="False" />
              </lines>
            </method>
            <method name="get_EstructurasEnMapa" signature="()" line-rate="1" branch-rate="1" complexity="1">
              <lines>
                <line number="23" hits="1" branch="False" />
              </lines>
            </method>
          </methods>
          <lines>
            <line number="10" hits="7" branch="False" />
            <line number="12" hits="6" branch="False" />
            <line number="13" hits="8" branch="False" />
            <line number="14" hits="5" branch="False" />
            <line number="15" hits="3" branch="False" />
            <line number="16" hits="3" branch="False" />
            <line number="17" hits="3" branch="False" />
            <line number="18" hits="3" branch="False" />
            <line number="20" hits="3" branch="False" />
            <line number="21" hits="6" branch="False" />
            <line number="23" hits="1" branch="False" />
          </lines>
        </class>
        <class name="CivitaBack.Data.BO.EstructuraEnMapa" filename="CivitaBack.Data\BO\EstructuraEnMapa.cs" line-rate="1" branch-rate="1" complexity="5">
          <methods>
            <method name="get_Id" signature="()" line-rate="1" branch-rate="1" complexity="1">
              <lines>
                <line number="10" hits="5" branch="False" />
              </lines>
            </method>
            <method name="get_PartidaId" signature="()" line-rate="1" branch-rate="1" complexity="1">
              <lines>
                <line number="13" hits="5" branch="False" />
              </lines>
            </method>
            <method name="get_Partida" signature="()" line-rate="1" branch-rate="1" complexity="1">
              <lines>
                <line number="14" hits="5" branch="False" />
              </lines>
            </method>
            <method name="get_EstructuraId" signature="()" line-rate="1" branch-rate="1" complexity="1">
              <lines>
                <line number="16" hits="5" branch="False" />
              </lines>
            </method>
            <method name="get_Estructura" signature="()" line-rate="1" branch-rate="1" complexity="1">
              <lines>
                <line number="17" hits="5" branch="False" />
              </lines>
            </method>
          </methods>
          <lines>
            <line number="10" hits="5" branch="False" />
            <line number="13" hits="5" branch="False" />
            <line number="14" hits="5" branch="False" />
            <line number="16" hits="5" branch="False" />
            <line number="17" hits="5" branch="False" />
          </lines>
        </class>
        <class name="CivitaBack.Data.BO.Evento" filename="CivitaBack.Data\BO\Evento.cs" line-rate="1" branch-rate="1" complexity="7">
          <methods>
            <method name="get_Id" signature="()" line-rate="1" branch-rate="1" complexity="1">
              <lines>
                <line number="10" hits="5" branch="False" />
              </lines>
            </method>
            <method name="get_DescripcionEvento" signature="()" line-rate="1" branch-rate="1" complexity="1">
              <lines>
                <line number="12" hits="5" branch="False" />
              </lines>
            </method>
            <method name="get_TiempoParaHacerlo" signature="()" line-rate="1" branch-rate="1" complexity="1">
              <lines>
                <line number="13" hits="7" branch="False" />
              </lines>
            </method>
            <method name="get_EventoMaestroId" signature="()" line-rate="1" branch-rate="1" complexity="1">
              <lines>
                <line number="17" hits="5" branch="False" />
              </lines>
            </method>
            <method name="get_EventoMaestro" signature="()" line-rate="1" branch-rate="1" complexity="1">
              <lines>
                <line number="18" hits="5" branch="False" />
              </lines>
            </method>
            <method name="get_PartidaId" signature="()" line-rate="1" branch-rate="1" complexity="1">
              <lines>
                <line number="20" hits="5" branch="False" />
              </lines>
            </method>
            <method name="get_Partida" signature="()" line-rate="1" branch-rate="1" complexity="1">
              <lines>
                <line number="21" hits="5" branch="False" />
              </lines>
            </method>
          </methods>
          <lines>
            <line number="10" hits="5" branch="False" />
            <line number="12" hits="5" branch="False" />
            <line number="13" hits="7" branch="False" />
            <line number="17" hits="5" branch="False" />
            <line number="18" hits="5" branch="False" />
            <line number="20" hits="5" branch="False" />
            <line number="21" hits="5" branch="False" />
          </lines>
        </class>
        <class name="CivitaBack.Data.BO.EventoMaestro" filename="CivitaBack.Data\BO\EventoMaestro.cs" line-rate="1" branch-rate="1" complexity="3">
          <methods>
            <method name="get_Id" signature="()" line-rate="1" branch-rate="1" complexity="1">
              <lines>
                <line number="11" hits="6" branch="False" />
              </lines>
            </method>
            <method name="get_Descripcion" signature="()" line-rate="1" branch-rate="1" complexity="1">
              <lines>
                <line number="13" hits="6" branch="False" />
              </lines>
            </method>
            <method name="get_Evento" signature="()" line-rate="1" branch-rate="1" complexity="1">
              <lines>
                <line number="15" hits="3" branch="False" />
              </lines>
            </method>
          </methods>
          <lines>
            <line number="11" hits="6" branch="False" />
            <line number="13" hits="6" branch="False" />
            <line number="15" hits="3" branch="False" />
          </lines>
        </class>
        <class name="CivitaBack.Data.BO.Logro" filename="CivitaBack.Data\BO\Logro.cs" line-rate="0.8332999999999999" branch-rate="1" complexity="6">
          <methods>
            <method name="get_Id" signature="()" line-rate="1" branch-rate="1" complexity="1">
              <lines>
                <line number="15" hits="6" branch="False" />
              </lines>
            </method>
            <method name="get_Titulo" signature="()" line-rate="1" branch-rate="1" complexity="1">
              <lines>
                <line number="17" hits="5" branch="False" />
              </lines>
            </method>
            <method name="get_Descripcion" signature="()" line-rate="1" branch-rate="1" complexity="1">
              <lines>
                <line number="19" hits="11" branch="False" />
              </lines>
            </method>
            <method name="get_TipoLogro" signature="()" line-rate="1" branch-rate="1" complexity="1">
              <lines>
                <line number="21" hits="5" branch="False" />
              </lines>
            </method>
            <method name="get_Condicion" signature="()" line-rate="1" branch-rate="1" complexity="1">
              <lines>
                <line number="23" hits="5" branch="False" />
              </lines>
            </method>
            <method name="get_LogroPartidas" signature="()" line-rate="0" branch-rate="1" complexity="1">
              <lines>
                <line number="24" hits="0" branch="False" />
              </lines>
            </method>
          </methods>
          <lines>
            <line number="15" hits="6" branch="False" />
            <line number="17" hits="5" branch="False" />
            <line number="19" hits="11" branch="False" />
            <line number="21" hits="5" branch="False" />
            <line number="23" hits="5" branch="False" />
            <line number="24" hits="0" branch="False" />
          </lines>
        </class>
        <class name="CivitaBack.Data.BO.LogroPartida" filename="CivitaBack.Data\BO\LogroPartida.cs" line-rate="0.8" branch-rate="1" complexity="5">
          <methods>
            <method name="get_FechaCompletado" signature="()" line-rate="0" branch-rate="1" complexity="1">
              <lines>
                <line number="11" hits="0" branch="False" />
              </lines>
            </method>
            <method name="get_LogroId" signature="()" line-rate="1" branch-rate="1" complexity="1">
              <lines>
                <line number="14" hits="5" branch="False" />
              </lines>
            </method>
            <method name="get_Logro" signature="()" line-rate="1" branch-rate="1" complexity="1">
              <lines>
                <line number="15" hits="5" branch="False" />
              </lines>
            </method>
            <method name="get_PartidaId" signature="()" line-rate="1" branch-rate="1" complexity="1">
              <lines>
                <line number="17" hits="5" branch="False" />
              </lines>
            </method>
            <method name="get_Partida" signature="()" line-rate="1" branch-rate="1" complexity="1">
              <lines>
                <line number="18" hits="5" branch="False" />
              </lines>
            </method>
          </methods>
          <lines>
            <line number="11" hits="0" branch="False" />
            <line number="14" hits="5" branch="False" />
            <line number="15" hits="5" branch="False" />
            <line number="17" hits="5" branch="False" />
            <line number="18" hits="5" branch="False" />
          </lines>
        </class>
        <class name="CivitaBack.Data.BO.Partida" filename="CivitaBack.Data\BO\Partida.cs" line-rate="0.909" branch-rate="1" complexity="11">
          <methods>
            <method name="get_Id" signature="()" line-rate="1" branch-rate="1" complexity="1">
              <lines>
                <line number="11" hits="31" branch="False" />
              </lines>
            </method>
            <method name="get_UltimaVez" signature="()" line-rate="1" branch-rate="1" complexity="1">
              <lines>
                <line number="13" hits="17" branch="False" />
              </lines>
            </method>
            <method name="get_JsonMapa" signature="()" line-rate="1" branch-rate="1" complexity="1">
              <lines>
                <line number="14" hits="10" branch="False" />
              </lines>
            </method>
            <method name="get_UsuarioId" signature="()" line-rate="1" branch-rate="1" complexity="1">
              <lines>
                <line number="16" hits="28" branch="False" />
              </lines>
            </method>
            <method name="get_Usuario" signature="()" line-rate="1" branch-rate="1" complexity="1">
              <lines>
                <line number="17" hits="6" branch="False" />
              </lines>
            </method>
            <method name="get_Recurso" signature="()" line-rate="1" branch-rate="1" complexity="1">
              <lines>
                <line number="20" hits="1" branch="False" />
              </lines>
            </method>
            <method name="get_Evento" signature="()" line-rate="1" branch-rate="1" complexity="1">
              <lines>
                <line number="21" hits="1" branch="False" />
              </lines>
            </method>
            <method name="get_Tienda" signature="()" line-rate="1" branch-rate="1" complexity="1">
              <lines>
                <line number="22" hits="1" branch="False" />
              </lines>
            </method>
            <method name="get_EstructuraEnMapa" signature="()" line-rate="1" branch-rate="1" complexity="1">
              <lines>
                <line number="23" hits="1" branch="False" />
              </lines>
            </method>
            <method name="get_TipEnPartida" signature="()" line-rate="1" branch-rate="1" complexity="1">
              <lines>
                <line number="24" hits="1" branch="False" />
              </lines>
            </method>
            <method name="get_LogroPartidas" signature="()" line-rate="0" branch-rate="1" complexity="1">
              <lines>
                <line number="26" hits="0" branch="False" />
              </lines>
            </method>
          </methods>
          <lines>
            <line number="11" hits="31" branch="False" />
            <line number="13" hits="17" branch="False" />
            <line number="14" hits="10" branch="False" />
            <line number="16" hits="28" branch="False" />
            <line number="17" hits="6" branch="False" />
            <line number="20" hits="1" branch="False" />
            <line number="21" hits="1" branch="False" />
            <line number="22" hits="1" branch="False" />
            <line number="23" hits="1" branch="False" />
            <line number="24" hits="1" branch="False" />
            <line number="26" hits="0" branch="False" />
          </lines>
        </class>
        <class name="CivitaBack.Data.BO.Recurso" filename="CivitaBack.Data\BO\Recurso.cs" line-rate="1" branch-rate="1" complexity="7">
          <methods>
            <method name="get_Id" signature="()" line-rate="1" branch-rate="1" complexity="1">
              <lines>
                <line number="10" hits="6" branch="False" />
              </lines>
            </method>
            <method name="get_Nombre" signature="()" line-rate="1" branch-rate="1" complexity="1">
              <lines>
                <line number="12" hits="5" branch="False" />
              </lines>
            </method>
            <method name="get_Cantidad" signature="()" line-rate="1" branch-rate="1" complexity="1">
              <lines>
                <line number="13" hits="7" branch="False" />
              </lines>
            </method>
            <method name="get_Felicidad" signature="()" line-rate="1" branch-rate="1" complexity="1">
              <lines>
                <line number="14" hits="7" branch="False" />
              </lines>
            </method>
            <method name="get_Contaminacion" signature="()" line-rate="1" branch-rate="1" complexity="1">
              <lines>
                <line number="15" hits="7" branch="False" />
              </lines>
            </method>
            <method name="get_PartidaId" signature="()" line-rate="1" branch-rate="1" complexity="1">
              <lines>
                <line number="17" hits="5" branch="False" />
              </lines>
            </method>
            <method name="get_Partida" signature="()" line-rate="1" branch-rate="1" complexity="1">
              <lines>
                <line number="18" hits="5" branch="False" />
              </lines>
            </method>
          </methods>
          <lines>
            <line number="10" hits="6" branch="False" />
            <line number="12" hits="5" branch="False" />
            <line number="13" hits="7" branch="False" />
            <line number="14" hits="7" branch="False" />
            <line number="15" hits="7" branch="False" />
            <line number="17" hits="5" branch="False" />
            <line number="18" hits="5" branch="False" />
          </lines>
        </class>
        <class name="CivitaBack.Data.BO.Test" filename="CivitaBack.Data\BO\Test.cs" line-rate="1" branch-rate="1" complexity="2">
          <methods>
            <method name="get_Id" signature="()" line-rate="1" branch-rate="1" complexity="1">
              <lines>
                <line number="13" hits="10" branch="False" />
              </lines>
            </method>
            <method name="get_Correo" signature="()" line-rate="1" branch-rate="1" complexity="1">
              <lines>
                <line number="14" hits="5" branch="False" />
              </lines>
            </method>
          </methods>
          <lines>
            <line number="13" hits="10" branch="False" />
            <line number="14" hits="5" branch="False" />
          </lines>
        </class>
        <class name="CivitaBack.Data.BO.TestModelado" filename="CivitaBack.Data\BO\TestModelado.cs" line-rate="1" branch-rate="1" complexity="2">
          <methods>
            <method name="get_Id" signature="()" line-rate="1" branch-rate="1" complexity="1">
              <lines>
                <line number="13" hits="10" branch="False" />
              </lines>
            </method>
            <method name="get_Correo" signature="()" line-rate="1" branch-rate="1" complexity="1">
              <lines>
                <line number="14" hits="5" branch="False" />
              </lines>
            </method>
          </methods>
          <lines>
            <line number="13" hits="10" branch="False" />
            <line number="14" hits="5" branch="False" />
          </lines>
        </class>
        <class name="CivitaBack.Data.BO.Tienda" filename="CivitaBack.Data\BO\Tienda.cs" line-rate="1" branch-rate="1" complexity="5">
          <methods>
            <method name="get_Id" signature="()" line-rate="1" branch-rate="1" complexity="1">
              <lines>
                <line number="10" hits="5" branch="False" />
              </lines>
            </method>
            <method name="get_NombreArticulo" signature="()" line-rate="1" branch-rate="1" complexity="1">
              <lines>
                <line number="12" hits="5" branch="False" />
              </lines>
            </method>
            <method name="get_CodigoArticulo" signature="()" line-rate="1" branch-rate="1" complexity="1">
              <lines>
                <line number="13" hits="5" branch="False" />
              </lines>
            </method>
            <method name="get_PartidaId" signature="()" line-rate="1" branch-rate="1" complexity="1">
              <lines>
                <line number="15" hits="5" branch="False" />
              </lines>
            </method>
            <method name="get_Partida" signature="()" line-rate="1" branch-rate="1" complexity="1">
              <lines>
                <line number="16" hits="5" branch="False" />
              </lines>
            </method>
          </methods>
          <lines>
            <line number="10" hits="5" branch="False" />
            <line number="12" hits="5" branch="False" />
            <line number="13" hits="5" branch="False" />
            <line number="15" hits="5" branch="False" />
            <line number="16" hits="5" branch="False" />
          </lines>
        </class>
        <class name="CivitaBack.Data.BO.Tip" filename="CivitaBack.Data\BO\Tip.cs" line-rate="1" branch-rate="1" complexity="5">
          <methods>
            <method name="get_Id" signature="()" line-rate="1" branch-rate="1" complexity="1">
              <lines>
                <line number="11" hits="6" branch="False" />
              </lines>
            </method>
            <method name="get_Mensaje" signature="()" line-rate="1" branch-rate="1" complexity="1">
              <lines>
                <line number="13" hits="5" branch="False" />
              </lines>
            </method>
            <method name="get_TipoTipId" signature="()" line-rate="1" branch-rate="1" complexity="1">
              <lines>
                <line number="15" hits="5" branch="False" />
              </lines>
            </method>
            <method name="get_TipoTip" signature="()" line-rate="1" branch-rate="1" complexity="1">
              <lines>
                <line number="16" hits="5" branch="False" />
              </lines>
            </method>
            <method name="get_TipEnPartida" signature="()" line-rate="1" branch-rate="1" complexity="1">
              <lines>
                <line number="18" hits="3" branch="False" />
              </lines>
            </method>
          </methods>
          <lines>
            <line number="11" hits="6" branch="False" />
            <line number="13" hits="5" branch="False" />
            <line number="15" hits="5" branch="False" />
            <line number="16" hits="5" branch="False" />
            <line number="18" hits="3" branch="False" />
          </lines>
        </class>
        <class name="CivitaBack.Data.BO.TipEnPartida" filename="CivitaBack.Data\BO\TipEnPartida.cs" line-rate="1" branch-rate="1" complexity="5">
          <methods>
            <method name="get_Id" signature="()" line-rate="1" branch-rate="1" complexity="1">
              <lines>
                <line number="11" hits="5" branch="False" />
              </lines>
            </method>
            <method name="get_PartidaId" signature="()" line-rate="1" branch-rate="1" complexity="1">
              <lines>
                <line number="14" hits="5" branch="False" />
              </lines>
            </method>
            <method name="get_Partida" signature="()" line-rate="1" branch-rate="1" complexity="1">
              <lines>
                <line number="15" hits="5" branch="False" />
              </lines>
            </method>
            <method name="get_TipId" signature="()" line-rate="1" branch-rate="1" complexity="1">
              <lines>
                <line number="17" hits="5" branch="False" />
              </lines>
            </method>
            <method name="get_Tip" signature="()" line-rate="1" branch-rate="1" complexity="1">
              <lines>
                <line number="18" hits="5" branch="False" />
              </lines>
            </method>
          </methods>
          <lines>
            <line number="11" hits="5" branch="False" />
            <line number="14" hits="5" branch="False" />
            <line number="15" hits="5" branch="False" />
            <line number="17" hits="5" branch="False" />
            <line number="18" hits="5" branch="False" />
          </lines>
        </class>
        <class name="CivitaBack.Data.BO.TipoEstructura" filename="CivitaBack.Data\BO\TipoEstructura.cs" line-rate="1" branch-rate="1" complexity="7">
          <methods>
            <method name="get_Id" signature="()" line-rate="1" branch-rate="1" complexity="1">
              <lines>
                <line number="10" hits="6" branch="False" />
              </lines>
            </method>
            <method name="get_Nombre" signature="()" line-rate="1" branch-rate="1" complexity="1">
              <lines>
                <line number="12" hits="6" branch="False" />
              </lines>
            </method>
            <method name="get_Ocupacion" signature="()" line-rate="1" branch-rate="1" complexity="1">
              <lines>
                <line number="13" hits="6" branch="False" />
              </lines>
            </method>
            <method name="get_Capacidad" signature="()" line-rate="1" branch-rate="1" complexity="1">
              <lines>
                <line number="14" hits="8" branch="False" />
              </lines>
            </method>
            <method name="get_EnergiaPorCiclo" signature="()" line-rate="1" branch-rate="1" complexity="1">
              <lines>
                <line number="15" hits="7" branch="False" />
              </lines>
            </method>
            <method name="get_DineroPorCiclo" signature="()" line-rate="1" branch-rate="1" complexity="1">
              <lines>
                <line number="16" hits="7" branch="False" />
              </lines>
            </method>
            <method name="get_Estructura" signature="()" line-rate="1" branch-rate="1" complexity="1">
              <lines>
                <line number="18" hits="3" branch="False" />
              </lines>
            </method>
          </methods>
          <lines>
            <line number="10" hits="6" branch="False" />
            <line number="12" hits="6" branch="False" />
            <line number="13" hits="6" branch="False" />
            <line number="14" hits="8" branch="False" />
            <line number="15" hits="7" branch="False" />
            <line number="16" hits="7" branch="False" />
            <line number="18" hits="3" branch="False" />
          </lines>
        </class>
        <class name="CivitaBack.Data.BO.TipoLogro" filename="CivitaBack.Data\BO\TipoLogro.cs" line-rate="1" branch-rate="1" complexity="2">
          <methods>
            <method name="get_Id" signature="()" line-rate="1" branch-rate="1" complexity="1">
              <lines>
                <line number="15" hits="6" branch="False" />
              </lines>
            </method>
            <method name="get_Nombre" signature="()" line-rate="1" branch-rate="1" complexity="1">
              <lines>
                <line number="17" hits="14" branch="False" />
              </lines>
            </method>
          </methods>
          <lines>
            <line number="15" hits="6" branch="False" />
            <line number="17" hits="14" branch="False" />
          </lines>
        </class>
        <class name="CivitaBack.Data.BO.TipoTip" filename="CivitaBack.Data\BO\TipoTip.cs" line-rate="1" branch-rate="1" complexity="3">
          <methods>
            <method name="get_Id" signature="()" line-rate="1" branch-rate="1" complexity="1">
              <lines>
                <line number="10" hits="6" branch="False" />
              </lines>
            </method>
            <method name="get_Descripcion" signature="()" line-rate="1" branch-rate="1" complexity="1">
              <lines>
                <line number="12" hits="6" branch="False" />
              </lines>
            </method>
            <method name="get_Tip" signature="()" line-rate="1" branch-rate="1" complexity="1">
              <lines>
                <line number="14" hits="3" branch="False" />
              </lines>
            </method>
          </methods>
          <lines>
            <line number="10" hits="6" branch="False" />
            <line number="12" hits="6" branch="False" />
            <line number="14" hits="3" branch="False" />
          </lines>
        </class>
        <class name="CivitaBack.Data.BO.Usuario" filename="CivitaBack.Data\BO\Usuario.cs" line-rate="0.8" branch-rate="1" complexity="5">
          <methods>
            <method name="get_Id" signature="()" line-rate="1" branch-rate="1" complexity="1">
              <lines>
                <line number="10" hits="19" branch="False" />
              </lines>
            </method>
            <method name="get_NombreUsuario" signature="()" line-rate="1" branch-rate="1" complexity="1">
              <lines>
                <line number="12" hits="20" branch="False" />
              </lines>
            </method>
            <method name="get_Mail" signature="()" line-rate="1" branch-rate="1" complexity="1">
              <lines>
                <line number="13" hits="17" branch="False" />
              </lines>
            </method>
            <method name="get_HashDeContrasena" signature="()" line-rate="1" branch-rate="1" complexity="1">
              <lines>
                <line number="14" hits="16" branch="False" />
              </lines>
            </method>
            <method name="get_Partida" signature="()" line-rate="0" branch-rate="1" complexity="1">
              <lines>
                <line number="17" hits="0" branch="False" />
              </lines>
            </method>
          </methods>
          <lines>
            <line number="10" hits="19" branch="False" />
            <line number="12" hits="20" branch="False" />
            <line number="13" hits="17" branch="False" />
            <line number="14" hits="16" branch="False" />
            <line number="17" hits="0" branch="False" />
          </lines>
        </class>
      </classes>
    </package>
    <package name="CivitaBack.Logica" line-rate="1" branch-rate="1" complexity="7">
      <classes>
        <class name="CivitaBack.Logica.PartidaLogica" filename="CivitaBack.Logica\PartidaLogica.cs" line-rate="1" branch-rate="1" complexity="5">
          <methods>
            <method name="CrearPartida" signature="()" line-rate="1" branch-rate="1" complexity="1">
              <lines>
                <line number="32" hits="2" branch="False" />
                <line number="33" hits="2" branch="False" />
                <line number="34" hits="2" branch="False" />
                <line number="35" hits="2" branch="False" />
                <line number="36" hits="2" branch="False" />
                <line number="37" hits="2" branch="False" />
                <line number="38" hits="2" branch="False" />
                <line number="39" hits="2" branch="False" />
                <line number="40" hits="2" branch="False" />
                <line number="41" hits="2" branch="False" />
                <line number="42" hits="2" branch="False" />
                <line number="43" hits="2" branch="False" />
                <line number="44" hits="2" branch="False" />
                <line number="45" hits="1" branch="False" />
              </lines>
            </method>
            <method name="ObtenerPartidas" signature="()" line-rate="1" branch-rate="1" complexity="1">
              <lines>
                <line number="48" hits="3" branch="False" />
                <line number="49" hits="3" branch="False" />
                <line number="50" hits="3" branch="False" />
                <line number="51" hits="2" branch="False" />
                <line number="52" hits="3" branch="False" />
                <line number="53" hits="2" branch="False" />
              </lines>
            </method>
            <method name="ObtenerPorUsuarioId" signature="(System.Int32)" line-rate="1" branch-rate="1" complexity="1">
              <lines>
                <line number="56" hits="1" branch="False" />
                <line number="57" hits="1" branch="False" />
              </lines>
            </method>
            <method name="PartidaToDTO" signature="(CivitaBack.Data.BO.Partida)" line-rate="1" branch-rate="1" complexity="1">
              <lines>
                <line number="61" hits="4" branch="False" />
                <line number="62" hits="4" branch="False" />
                <line number="63" hits="4" branch="False" />
                <line number="64" hits="4" branch="False" />
                <line number="65" hits="4" branch="False" />
                <line number="66" hits="4" branch="False" />
                <line number="67" hits="3" branch="False" />
              </lines>
            </method>
            <method name=".ctor" signature="(CivitaBack.Data.Repositorio.IRepositorioPartida)" line-rate="1" branch-rate="1" complexity="1">
              <lines>
                <line number="26" hits="10" branch="False" />
                <line number="27" hits="10" branch="False" />
                <line number="28" hits="10" branch="False" />
                <line number="29" hits="10" branch="False" />
              </lines>
            </method>
          </methods>
          <lines>
            <line number="32" hits="2" branch="False" />
            <line number="33" hits="2" branch="False" />
            <line number="34" hits="2" branch="False" />
            <line number="35" hits="2" branch="False" />
            <line number="36" hits="2" branch="False" />
            <line number="37" hits="2" branch="False" />
            <line number="38" hits="2" branch="False" />
            <line number="39" hits="2" branch="False" />
            <line number="40" hits="2" branch="False" />
            <line number="41" hits="2" branch="False" />
            <line number="42" hits="2" branch="False" />
            <line number="43" hits="2" branch="False" />
            <line number="44" hits="2" branch="False" />
            <line number="45" hits="1" branch="False" />
            <line number="48" hits="3" branch="False" />
            <line number="49" hits="3" branch="False" />
            <line number="50" hits="3" branch="False" />
            <line number="51" hits="2" branch="False" />
            <line number="52" hits="3" branch="False" />
            <line number="53" hits="2" branch="False" />
            <line number="56" hits="1" branch="False" />
            <line number="57" hits="1" branch="False" />
            <line number="61" hits="4" branch="False" />
            <line number="62" hits="4" branch="False" />
            <line number="63" hits="4" branch="False" />
            <line number="64" hits="4" branch="False" />
            <line number="65" hits="4" branch="False" />
            <line number="66" hits="4" branch="False" />
            <line number="67" hits="3" branch="False" />
            <line number="26" hits="10" branch="False" />
            <line number="27" hits="10" branch="False" />
            <line number="28" hits="10" branch="False" />
            <line number="29" hits="10" branch="False" />
          </lines>
        </class>
        <class name="CivitaBack.Logica.TestServicio" filename="CivitaBack.Logica\TestServicio.cs" line-rate="1" branch-rate="1" complexity="2">
          <methods>
            <method name="ObtenerTests" signature="()" line-rate="1" branch-rate="1" complexity="1">
              <lines>
                <line number="21" hits="6" branch="False" />
                <line number="22" hits="6" branch="False" />
                <line number="23" hits="6" branch="False" />
              </lines>
            </method>
            <method name=".ctor" signature="(CivitaBack.Logica.ITestRepositorio)" line-rate="1" branch-rate="1" complexity="1">
              <lines>
                <line number="15" hits="5" branch="False" />
                <line number="16" hits="5" branch="False" />
                <line number="17" hits="5" branch="False" />
                <line number="18" hits="5" branch="False" />
              </lines>
            </method>
          </methods>
          <lines>
            <line number="21" hits="6" branch="False" />
            <line number="22" hits="6" branch="False" />
            <line number="23" hits="6" branch="False" />
            <line number="15" hits="5" branch="False" />
            <line number="16" hits="5" branch="False" />
            <line number="17" hits="5" branch="False" />
            <line number="18" hits="5" branch="False" />
          </lines>
        </class>
      </classes>
    </package>
  </packages>
</coverage>