<?xml version="1.0" encoding="utf-8"?>
<TestRun id="440a4164-4e0e-4514-bddc-3419229e08fc" name="gonza@DESKTOP-6IK3A6S 2025-10-11 19:48:58" runUser="DESKTOP-6IK3A6S\gonza" xmlns="http://microsoft.com/schemas/VisualStudio/TeamTest/2010">
  <Times creation="2025-10-11T19:48:58.7414348-03:00" queuing="2025-10-11T19:48:58.7414356-03:00" start="2025-10-11T19:48:56.2270873-03:00" finish="2025-10-11T19:49:00.1175634-03:00" />
  <TestSettings name="default" id="87335718-7133-414c-941c-b73c9db41b2f">
    <Deployment runDeploymentRoot="gonza_DESKTOP-6IK3A6S_2025-10-11_19_48_58" />
  </TestSettings>
  <Results>
    <UnitTestResult executionId="efb8e852-1fab-4b18-8aa5-a469afe9f069" testId="76957913-2b80-9e50-fc60-26392cc2d27f" testName="CivitaBack.Tests.AuthLogicaTest.LoginAsync_UsuarioValido_RetornaToken" computerName="DESKTOP-6IK3A6S" duration="00:00:00.1465656" startTime="2025-10-11T19:48:59.1351970-03:00" endTime="2025-10-11T19:48:59.1351978-03:00" testType="13cdc9d9-ddb5-4fa4-a97d-d965ccfc6d4b" outcome="Passed" testListId="8c84fa94-04c1-424b-9868-57a2d4851a1d" relativeResultsDirectory="efb8e852-1fab-4b18-8aa5-a469afe9f069" />
    <UnitTestResult executionId="c58f8c6f-a967-457b-a9b3-9c6289413127" testId="8452d044-7278-eb45-8d38-e52df3719c3e" testName="CivitaBack.Tests.AppDbContextTest.CanAddTipoTip" computerName="DESKTOP-6IK3A6S" duration="00:00:00.0081101" startTime="2025-10-11T19:49:00.0514030-03:00" endTime="2025-10-11T19:49:00.0514032-03:00" testType="13cdc9d9-ddb5-4fa4-a97d-d965ccfc6d4b" outcome="Passed" testListId="8c84fa94-04c1-424b-9868-57a2d4851a1d" relativeResultsDirectory="c58f8c6f-a967-457b-a9b3-9c6289413127" />
    <UnitTestResult executionId="1a012e07-ca41-4763-8b53-64cdb0f0dc17" testId="251cfa62-b334-884e-55cb-32a7e99d92a9" testName="CivitaBack.Tests.TestModeladoTest.TestModelado_Constructor_InitializesProperties" computerName="DESKTOP-6IK3A6S" duration="00:00:00.3527032" startTime="2025-10-11T19:48:58.6230685-03:00" endTime="2025-10-11T19:48:58.6230686-03:00" testType="13cdc9d9-ddb5-4fa4-a97d-d965ccfc6d4b" outcome="Passed" testListId="8c84fa94-04c1-424b-9868-57a2d4851a1d" relativeResultsDirectory="1a012e07-ca41-4763-8b53-64cdb0f0dc17" />
    <UnitTestResult executionId="77e3d5f6-9830-4acb-a0a9-ef3c6ee8eeae" testId="c2f55611-fdc0-a667-80a2-3c423d249eec" testName="CivitaBack.Tests.AppDbContextTest.CanAddMultipleEntities" computerName="DESKTOP-6IK3A6S" duration="00:00:00.0675009" startTime="2025-10-11T19:48:59.9916243-03:00" endTime="2025-10-11T19:48:59.9916245-03:00" testType="13cdc9d9-ddb5-4fa4-a97d-d965ccfc6d4b" outcome="Passed" testListId="8c84fa94-04c1-424b-9868-57a2d4851a1d" relativeResultsDirectory="77e3d5f6-9830-4acb-a0a9-ef3c6ee8eeae" />
    <UnitTestResult executionId="de8970f2-4148-41b5-b65c-a02c48e3d7e3" testId="3884a933-cd3d-87b9-d5e9-55475683f8c3" testName="CivitaBack.Tests.CondicionTest.Condicion_WithZeroValues_PropertiesCanBeZero" computerName="DESKTOP-6IK3A6S" duration="00:00:00.0001192" startTime="2025-10-11T19:48:58.6965339-03:00" endTime="2025-10-11T19:48:58.6965340-03:00" testType="13cdc9d9-ddb5-4fa4-a97d-d965ccfc6d4b" outcome="Passed" testListId="8c84fa94-04c1-424b-9868-57a2d4851a1d" relativeResultsDirectory="de8970f2-4148-41b5-b65c-a02c48e3d7e3" />
    <UnitTestResult executionId="b5212702-7a81-4e70-807f-97e3f65344f8" testId="1674e7ac-ca2e-2210-c7d4-32869770c208" testName="CivitaBack.Tests.TestModeladoTest.TestModelado_WithNullCorreo_PropertyCanBeNull" computerName="DESKTOP-6IK3A6S" duration="00:00:00.0000621" startTime="2025-10-11T19:48:58.6908112-03:00" endTime="2025-10-11T19:48:58.6908113-03:00" testType="13cdc9d9-ddb5-4fa4-a97d-d965ccfc6d4b" outcome="Passed" testListId="8c84fa94-04c1-424b-9868-57a2d4851a1d" relativeResultsDirectory="b5212702-7a81-4e70-807f-97e3f65344f8" />
    <UnitTestResult executionId="6323b9fe-b99e-4ec7-b731-62ab1e05aa1c" testId="a7b6a6cb-60e1-679a-f36e-44fac5da7764" testName="CivitaBack.Tests.EstructuraTest.Estructura_BooleanProperties_CanBeSetToTrue" computerName="DESKTOP-6IK3A6S" duration="00:00:00.0000745" startTime="2025-10-11T19:48:58.7000367-03:00" endTime="2025-10-11T19:48:58.7000368-03:00" testType="13cdc9d9-ddb5-4fa4-a97d-d965ccfc6d4b" outcome="Passed" testListId="8c84fa94-04c1-424b-9868-57a2d4851a1d" relativeResultsDirectory="6323b9fe-b99e-4ec7-b731-62ab1e05aa1c" />
    <UnitTestResult executionId="a1755ce3-d967-480d-ace5-f5266e98eb77" testId="23821415-d63c-d753-92e5-9f817ed54149" testName="CivitaBack.Tests.TipEnPartidaTest.TipEnPartida_SetProperties_ValuesAreSet" computerName="DESKTOP-6IK3A6S" duration="00:00:00.0003555" startTime="2025-10-11T19:48:58.6846498-03:00" endTime="2025-10-11T19:48:58.6846499-03:00" testType="13cdc9d9-ddb5-4fa4-a97d-d965ccfc6d4b" outcome="Passed" testListId="8c84fa94-04c1-424b-9868-57a2d4851a1d" relativeResultsDirectory="a1755ce3-d967-480d-ace5-f5266e98eb77" />
    <UnitTestResult executionId="f53a26ef-cc81-4437-825c-94d3df9d4267" testId="fc805667-fa9b-b8a5-4a96-a63ceb7fc242" testName="CivitaBack.Tests.TipoEstructuraTest.TipoEstructura_WithNegativeValues_CanHandleNegativeNumbers" computerName="DESKTOP-6IK3A6S" duration="00:00:00.0003043" startTime="2025-10-11T19:48:58.6960209-03:00" endTime="2025-10-11T19:48:58.6960209-03:00" testType="13cdc9d9-ddb5-4fa4-a97d-d965ccfc6d4b" outcome="Passed" testListId="8c84fa94-04c1-424b-9868-57a2d4851a1d" relativeResultsDirectory="f53a26ef-cc81-4437-825c-94d3df9d4267" />
    <UnitTestResult executionId="0c781e01-96a9-4524-b2e6-df276a4c0701" testId="8858b634-947c-d120-ac20-f8d42bb942c1" testName="CivitaBack.Tests.EventoMaestroTest.EventoMaestro_SetProperties_ValuesAreSet" computerName="DESKTOP-6IK3A6S" duration="00:00:00.0000808" startTime="2025-10-11T19:48:58.6959353-03:00" endTime="2025-10-11T19:48:58.6959354-03:00" testType="13cdc9d9-ddb5-4fa4-a97d-d965ccfc6d4b" outcome="Passed" testListId="8c84fa94-04c1-424b-9868-57a2d4851a1d" relativeResultsDirectory="0c781e01-96a9-4524-b2e6-df276a4c0701" />
    <UnitTestResult executionId="148b365a-e284-4504-86f6-82c18b3ded93" testId="f7766b4b-9f3b-2752-8595-250d95a06b9a" testName="CivitaBack.Tests.TipoEstructuraTest.TipoEstructura_Constructor_InitializesProperties" computerName="DESKTOP-6IK3A6S" duration="00:00:00.0001138" startTime="2025-10-11T19:48:58.6977293-03:00" endTime="2025-10-11T19:48:58.6977294-03:00" testType="13cdc9d9-ddb5-4fa4-a97d-d965ccfc6d4b" outcome="Passed" testListId="8c84fa94-04c1-424b-9868-57a2d4851a1d" relativeResultsDirectory="148b365a-e284-4504-86f6-82c18b3ded93" />
    <UnitTestResult executionId="c3414a8a-e9a7-4185-a727-85d7de694742" testId="c2cbbcea-ff4f-3f28-5ca2-2fc94d3f5d44" testName="CivitaBack.Tests.LogroTest.Logro_SetProperties_ValuesAreSet" computerName="DESKTOP-6IK3A6S" duration="00:00:00.0003976" startTime="2025-10-11T19:48:58.6991149-03:00" endTime="2025-10-11T19:48:58.6991149-03:00" testType="13cdc9d9-ddb5-4fa4-a97d-d965ccfc6d4b" outcome="Passed" testListId="8c84fa94-04c1-424b-9868-57a2d4851a1d" relativeResultsDirectory="c3414a8a-e9a7-4185-a727-85d7de694742" />
    <UnitTestResult executionId="e9b16be3-ef28-40dc-b114-705b6f1d6f94" testId="c912e852-9162-ff9b-578f-b3d7aaa28de6" testName="CivitaBack.Tests.PartidaLogicaTest.CrearPartida_ThrowError_Existente" computerName="DESKTOP-6IK3A6S" duration="00:00:00.0006309" startTime="2025-10-11T19:48:58.9922451-03:00" endTime="2025-10-11T19:48:58.9922453-03:00" testType="13cdc9d9-ddb5-4fa4-a97d-d965ccfc6d4b" outcome="Passed" testListId="8c84fa94-04c1-424b-9868-57a2d4851a1d" relativeResultsDirectory="e9b16be3-ef28-40dc-b114-705b6f1d6f94" />
    <UnitTestResult executionId="a87b3e2b-917a-4e7f-93f4-940fe475c664" testId="f2eb30be-4f5e-810d-7e27-a8f927637f50" testName="CivitaBack.Tests.AppDbContextTest.CanAddTipoLogro" computerName="DESKTOP-6IK3A6S" duration="00:00:00.0456127" startTime="2025-10-11T19:48:59.9239980-03:00" endTime="2025-10-11T19:48:59.9239986-03:00" testType="13cdc9d9-ddb5-4fa4-a97d-d965ccfc6d4b" outcome="Passed" testListId="8c84fa94-04c1-424b-9868-57a2d4851a1d" relativeResultsDirectory="a87b3e2b-917a-4e7f-93f4-940fe475c664" />
    <UnitTestResult executionId="38172c20-7452-4ead-bc5f-b05bbca8c25c" testId="b261b6b3-02a5-8d3d-e77a-2577053fdb80" testName="CivitaBack.Tests.TipTest.Tip_Constructor_InitializesProperties" computerName="DESKTOP-6IK3A6S" duration="00:00:00.3526715" startTime="2025-10-11T19:48:58.6235493-03:00" endTime="2025-10-11T19:48:58.6235493-03:00" testType="13cdc9d9-ddb5-4fa4-a97d-d965ccfc6d4b" outcome="Passed" testListId="8c84fa94-04c1-424b-9868-57a2d4851a1d" relativeResultsDirectory="38172c20-7452-4ead-bc5f-b05bbca8c25c" />
    <UnitTestResult executionId="9e42ec5e-6451-4a8a-b964-05e625582299" testId="ae52e9d7-e091-c2df-eaee-3445edf45183" testName="CivitaBack.Tests.AppDbContextTest.DbSets_AreInitialized" computerName="DESKTOP-6IK3A6S" duration="00:00:00.0003776" startTime="2025-10-11T19:49:00.0518670-03:00" endTime="2025-10-11T19:49:00.0518671-03:00" testType="13cdc9d9-ddb5-4fa4-a97d-d965ccfc6d4b" outcome="Passed" testListId="8c84fa94-04c1-424b-9868-57a2d4851a1d" relativeResultsDirectory="9e42ec5e-6451-4a8a-b964-05e625582299" />
    <UnitTestResult executionId="d3ac114f-dd1e-4914-ad74-63370bccff83" testId="45ece9f3-f0cb-e7fc-2924-ae96290e3692" testName="CivitaBack.Tests.CondicionTest.Condicion_SetProperties_ValuesAreSet" computerName="DESKTOP-6IK3A6S" duration="00:00:00.0004172" startTime="2025-10-11T19:48:58.6962603-03:00" endTime="2025-10-11T19:48:58.6962604-03:00" testType="13cdc9d9-ddb5-4fa4-a97d-d965ccfc6d4b" outcome="Passed" testListId="8c84fa94-04c1-424b-9868-57a2d4851a1d" relativeResultsDirectory="d3ac114f-dd1e-4914-ad74-63370bccff83" />
    <UnitTestResult executionId="0d194d2e-5804-4cd6-b54b-5cae0e5f04a5" testId="d9aef593-5644-15d1-6466-396f4b196282" testName="CivitaBack.Tests.TipoEstructuraTest.TipoEstructura_SetProperties_ValuesAreSet" computerName="DESKTOP-6IK3A6S" duration="00:00:00.0001504" startTime="2025-10-11T19:48:58.6986466-03:00" endTime="2025-10-11T19:48:58.6986466-03:00" testType="13cdc9d9-ddb5-4fa4-a97d-d965ccfc6d4b" outcome="Passed" testListId="8c84fa94-04c1-424b-9868-57a2d4851a1d" relativeResultsDirectory="0d194d2e-5804-4cd6-b54b-5cae0e5f04a5" />
    <UnitTestResult executionId="4f4abd68-c113-4199-854f-1133dc952202" testId="a826aa48-df8c-234b-4407-a774c6fe0985" testName="CivitaBack.Tests.UsuarioTest.Usuario_Constructor_InitializesProperties" computerName="DESKTOP-6IK3A6S" duration="00:00:00.0000719" startTime="2025-10-11T19:48:58.6935325-03:00" endTime="2025-10-11T19:48:58.6935326-03:00" testType="13cdc9d9-ddb5-4fa4-a97d-d965ccfc6d4b" outcome="Passed" testListId="8c84fa94-04c1-424b-9868-57a2d4851a1d" relativeResultsDirectory="4f4abd68-c113-4199-854f-1133dc952202" />
    <UnitTestResult executionId="7abf9ccc-c421-4f5b-b9c5-e20967753c7f" testId="4d9fcc87-c3c2-a3b6-65be-60843ebd8083" testName="CivitaBack.Tests.EventoTest.Evento_SetProperties_ValuesAreSet" computerName="DESKTOP-6IK3A6S" duration="00:00:00.0003795" startTime="2025-10-11T19:48:58.6844534-03:00" endTime="2025-10-11T19:48:58.6844539-03:00" testType="13cdc9d9-ddb5-4fa4-a97d-d965ccfc6d4b" outcome="Passed" testListId="8c84fa94-04c1-424b-9868-57a2d4851a1d" relativeResultsDirectory="7abf9ccc-c421-4f5b-b9c5-e20967753c7f" />
    <UnitTestResult executionId="3c844c24-31b7-49f2-9899-902f34ae3f8a" testId="0bb93918-ffb5-0479-f7d9-53fc0d445728" testName="CivitaBack.Tests.EventoTest.Evento_WithNullValues_PropertiesCanBeNull" computerName="DESKTOP-6IK3A6S" duration="00:00:00.3526754" startTime="2025-10-11T19:48:58.6197157-03:00" endTime="2025-10-11T19:48:58.6197495-03:00" testType="13cdc9d9-ddb5-4fa4-a97d-d965ccfc6d4b" outcome="Passed" testListId="8c84fa94-04c1-424b-9868-57a2d4851a1d" relativeResultsDirectory="3c844c24-31b7-49f2-9899-902f34ae3f8a" />
    <UnitTestResult executionId="3d18cc31-f144-4f67-8884-2119ce0a34df" testId="6d4e2dea-4228-0709-cd3b-aa7f60423edb" testName="CivitaBack.Tests.TipTest.Tip_WithNullValues_PropertiesCanBeNull" computerName="DESKTOP-6IK3A6S" duration="00:00:00.0001682" startTime="2025-10-11T19:48:58.6909983-03:00" endTime="2025-10-11T19:48:58.6909984-03:00" testType="13cdc9d9-ddb5-4fa4-a97d-d965ccfc6d4b" outcome="Passed" testListId="8c84fa94-04c1-424b-9868-57a2d4851a1d" relativeResultsDirectory="3d18cc31-f144-4f67-8884-2119ce0a34df" />
    <UnitTestResult executionId="1f13c462-4a56-4e4a-a796-afea65d51910" testId="0be9f91b-93e1-1389-aa7d-8feea4d5ba9d" testName="CivitaBack.Tests.EventoTest.Evento_WithNegativeTime_CanHandleNegativeNumbers" computerName="DESKTOP-6IK3A6S" duration="00:00:00.0000743" startTime="2025-10-11T19:48:58.6851517-03:00" endTime="2025-10-11T19:48:58.6851518-03:00" testType="13cdc9d9-ddb5-4fa4-a97d-d965ccfc6d4b" outcome="Passed" testListId="8c84fa94-04c1-424b-9868-57a2d4851a1d" relativeResultsDirectory="1f13c462-4a56-4e4a-a796-afea65d51910" />
    <UnitTestResult executionId="0fbf9e84-8c61-4433-a043-d402be661482" testId="f86f4096-cb30-9126-17f5-1222349fdad7" testName="CivitaBack.Tests.EstructuraEnMapaTest.EstructuraEnMapa_WithNullValues_PropertiesCanBeNull" computerName="DESKTOP-6IK3A6S" duration="00:00:00.0001250" startTime="2025-10-11T19:48:58.6845642-03:00" endTime="2025-10-11T19:48:58.6845643-03:00" testType="13cdc9d9-ddb5-4fa4-a97d-d965ccfc6d4b" outcome="Passed" testListId="8c84fa94-04c1-424b-9868-57a2d4851a1d" relativeResultsDirectory="0fbf9e84-8c61-4433-a043-d402be661482" />
    <UnitTestResult executionId="d70d3b3e-a6a7-49b2-9222-2897e043e66c" testId="fb84861a-9a3d-efb1-130a-2758ea2f90a3" testName="CivitaBack.Tests.AppDbContextTest.CanAddEventoMaestro" computerName="DESKTOP-6IK3A6S" duration="00:00:00.0087635" startTime="2025-10-11T19:49:00.0412042-03:00" endTime="2025-10-11T19:49:00.0412044-03:00" testType="13cdc9d9-ddb5-4fa4-a97d-d965ccfc6d4b" outcome="Passed" testListId="8c84fa94-04c1-424b-9868-57a2d4851a1d" relativeResultsDirectory="d70d3b3e-a6a7-49b2-9222-2897e043e66c" />
    <UnitTestResult executionId="028a0f02-05cc-4b63-907b-582db6cbdb2c" testId="159a5f4e-4895-bce7-47df-89087bfec741" testName="CivitaBack.Tests.TestServicioTest.ObtenerTests_RetornaListaVacia" computerName="DESKTOP-6IK3A6S" duration="00:00:00.0000603" startTime="2025-10-11T19:48:58.9733504-03:00" endTime="2025-10-11T19:48:58.9733505-03:00" testType="13cdc9d9-ddb5-4fa4-a97d-d965ccfc6d4b" outcome="Passed" testListId="8c84fa94-04c1-424b-9868-57a2d4851a1d" relativeResultsDirectory="028a0f02-05cc-4b63-907b-582db6cbdb2c" />
    <UnitTestResult executionId="689b07ab-64a8-4abd-b5ef-7df0b0ad4f2f" testId="18146cca-7519-1a7a-140e-ac23b29378e8" testName="CivitaBack.Tests.EstructuraTest.Estructura_WithNullValues_PropertiesCanBeNull" computerName="DESKTOP-6IK3A6S" duration="00:00:00.0001016" startTime="2025-10-11T19:48:58.7001546-03:00" endTime="2025-10-11T19:48:58.7001547-03:00" testType="13cdc9d9-ddb5-4fa4-a97d-d965ccfc6d4b" outcome="Passed" testListId="8c84fa94-04c1-424b-9868-57a2d4851a1d" relativeResultsDirectory="689b07ab-64a8-4abd-b5ef-7df0b0ad4f2f" />
    <UnitTestResult executionId="c84be506-65c7-467c-a99c-7b2d66fb9680" testId="9d62a938-9b85-7979-2edb-bcb498f7513b" testName="CivitaBack.Tests.TiendaTest.Tienda_WithNullValues_PropertiesCanBeNull" computerName="DESKTOP-6IK3A6S" duration="00:00:00.0005254" startTime="2025-10-11T19:48:58.6933668-03:00" endTime="2025-10-11T19:48:58.6933668-03:00" testType="13cdc9d9-ddb5-4fa4-a97d-d965ccfc6d4b" outcome="Passed" testListId="8c84fa94-04c1-424b-9868-57a2d4851a1d" relativeResultsDirectory="c84be506-65c7-467c-a99c-7b2d66fb9680" />
    <UnitTestResult executionId="f6910137-2570-40bb-9869-2b2f2ea0bf44" testId="73856d64-6677-0893-e6ae-3c8a8badfa9e" testName="CivitaBack.Tests.EventoMaestroTest.EventoMaestro_WithNullValues_PropertiesCanBeNull" computerName="DESKTOP-6IK3A6S" duration="00:00:00.0002568" startTime="2025-10-11T19:48:58.6951780-03:00" endTime="2025-10-11T19:48:58.6951781-03:00" testType="13cdc9d9-ddb5-4fa4-a97d-d965ccfc6d4b" outcome="Passed" testListId="8c84fa94-04c1-424b-9868-57a2d4851a1d" relativeResultsDirectory="f6910137-2570-40bb-9869-2b2f2ea0bf44" />
    <UnitTestResult executionId="5cbb2138-c4d5-4f4c-a98d-22ffff15b30b" testId="18f36e8a-d565-aa22-0453-ad544b0574de" testName="CivitaBack.Tests.EventoMaestroTest.EventoMaestro_Constructor_InitializesProperties" computerName="DESKTOP-6IK3A6S" duration="00:00:00.0000723" startTime="2025-10-11T19:48:58.6961617-03:00" endTime="2025-10-11T19:48:58.6961617-03:00" testType="13cdc9d9-ddb5-4fa4-a97d-d965ccfc6d4b" outcome="Passed" testListId="8c84fa94-04c1-424b-9868-57a2d4851a1d" relativeResultsDirectory="5cbb2138-c4d5-4f4c-a98d-22ffff15b30b" />
    <UnitTestResult executionId="e4d8e976-bae4-4eef-a367-f8be4d0b3e43" testId="eab81d07-54b9-73e9-d262-cd4838e0e6c8" testName="CivitaBack.Tests.TipTest.Tip_SetProperties_ValuesAreSet" computerName="DESKTOP-6IK3A6S" duration="00:00:00.0003173" startTime="2025-10-11T19:48:58.6908695-03:00" endTime="2025-10-11T19:48:58.6908696-03:00" testType="13cdc9d9-ddb5-4fa4-a97d-d965ccfc6d4b" outcome="Passed" testListId="8c84fa94-04c1-424b-9868-57a2d4851a1d" relativeResultsDirectory="e4d8e976-bae4-4eef-a367-f8be4d0b3e43" />
    <UnitTestResult executionId="c34db968-78ab-440e-b3ad-f53ca5c24178" testId="38c08d14-a731-066d-35e5-99da84d8f54f" testName="CivitaBack.Tests.LogroTest.Logro_Constructor_InitializesProperties" computerName="DESKTOP-6IK3A6S" duration="00:00:00.0001016" startTime="2025-10-11T19:48:58.6992113-03:00" endTime="2025-10-11T19:48:58.6992115-03:00" testType="13cdc9d9-ddb5-4fa4-a97d-d965ccfc6d4b" outcome="Passed" testListId="8c84fa94-04c1-424b-9868-57a2d4851a1d" relativeResultsDirectory="c34db968-78ab-440e-b3ad-f53ca5c24178" />
    <UnitTestResult executionId="6519aad4-347f-4d33-98cb-1a5df0239719" testId="1bf7e7bc-4460-b6e3-3c9e-5858cc7ccdb3" testName="CivitaBack.Tests.TipoEstructuraTest.TipoEstructura_WithNullValues_PropertiesCanBeNull" computerName="DESKTOP-6IK3A6S" duration="00:00:00.0004151" startTime="2025-10-11T19:48:58.6972724-03:00" endTime="2025-10-11T19:48:58.6972726-03:00" testType="13cdc9d9-ddb5-4fa4-a97d-d965ccfc6d4b" outcome="Passed" testListId="8c84fa94-04c1-424b-9868-57a2d4851a1d" relativeResultsDirectory="6519aad4-347f-4d33-98cb-1a5df0239719" />
    <UnitTestResult executionId="b9ff3504-acdc-48dc-9fbb-9a57e4475853" testId="be9aaa1e-8ad2-a794-f4fc-d5f30e19a6e9" testName="CivitaBack.Tests.TiendaTest.Tienda_SetProperties_ValuesAreSet" computerName="DESKTOP-6IK3A6S" duration="00:00:00.0001711" startTime="2025-10-11T19:48:58.6948448-03:00" endTime="2025-10-11T19:48:58.6948449-03:00" testType="13cdc9d9-ddb5-4fa4-a97d-d965ccfc6d4b" outcome="Passed" testListId="8c84fa94-04c1-424b-9868-57a2d4851a1d" relativeResultsDirectory="b9ff3504-acdc-48dc-9fbb-9a57e4475853" />
    <UnitTestResult executionId="5bde6876-810d-4045-9894-f29faaacb553" testId="3cb48f57-caca-3d6e-0504-0951b707307a" testName="CivitaBack.Tests.CondicionTest.Condicion_Constructor_InitializesProperties" computerName="DESKTOP-6IK3A6S" duration="00:00:00.0003504" startTime="2025-10-11T19:48:58.6950838-03:00" endTime="2025-10-11T19:48:58.6950840-03:00" testType="13cdc9d9-ddb5-4fa4-a97d-d965ccfc6d4b" outcome="Passed" testListId="8c84fa94-04c1-424b-9868-57a2d4851a1d" relativeResultsDirectory="5bde6876-810d-4045-9894-f29faaacb553" />
    <UnitTestResult executionId="7fe94e23-10ff-4622-9d06-d132963580a0" testId="ff8cd951-5150-f025-f008-5771e0bf52eb" testName="CivitaBack.Tests.PartidaLogicaTest.Actualizar_CuandoRecursosNegativos_LanzaError" computerName="DESKTOP-6IK3A6S" duration="00:00:00.0004548" startTime="2025-10-11T19:48:58.9927747-03:00" endTime="2025-10-11T19:48:58.9927749-03:00" testType="13cdc9d9-ddb5-4fa4-a97d-d965ccfc6d4b" outcome="Passed" testListId="8c84fa94-04c1-424b-9868-57a2d4851a1d" relativeResultsDirectory="7fe94e23-10ff-4622-9d06-d132963580a0" />
    <UnitTestResult executionId="6dd9e5bd-8b0c-4f84-ba77-311fe4c6bb61" testId="409f8056-a349-6849-a90d-6a35142db405" testName="CivitaBack.Tests.AppDbContextTest.Constructor_WithOptions_CreatesContext" computerName="DESKTOP-6IK3A6S" duration="00:00:00.0002284" startTime="2025-10-11T19:49:00.0323718-03:00" endTime="2025-10-11T19:49:00.0323719-03:00" testType="13cdc9d9-ddb5-4fa4-a97d-d965ccfc6d4b" outcome="Passed" testListId="8c84fa94-04c1-424b-9868-57a2d4851a1d" relativeResultsDirectory="6dd9e5bd-8b0c-4f84-ba77-311fe4c6bb61" />
    <UnitTestResult executionId="96a88a1d-6c26-4179-af76-07aa80be9b10" testId="8dbeefa4-3b18-2596-444e-6aa59d0f1ae2" testName="CivitaBack.Tests.TipEnPartidaTest.TipEnPartida_WithNullValues_PropertiesCanBeNull" computerName="DESKTOP-6IK3A6S" duration="00:00:00.0001193" startTime="2025-10-11T19:48:58.6850680-03:00" endTime="2025-10-11T19:48:58.6850681-03:00" testType="13cdc9d9-ddb5-4fa4-a97d-d965ccfc6d4b" outcome="Passed" testListId="8c84fa94-04c1-424b-9868-57a2d4851a1d" relativeResultsDirectory="96a88a1d-6c26-4179-af76-07aa80be9b10" />
    <UnitTestResult executionId="2a305d8c-04ea-43fa-a37f-edb71c2c0a49" testId="e9474f96-abcc-08d5-719e-10ad66aefaec" testName="CivitaBack.Tests.TipoLogroTest.TipoLogro_Constructor_InitializesProperties" computerName="DESKTOP-6IK3A6S" duration="00:00:00.0000844" startTime="2025-10-11T19:48:58.6851939-03:00" endTime="2025-10-11T19:48:58.6851940-03:00" testType="13cdc9d9-ddb5-4fa4-a97d-d965ccfc6d4b" outcome="Passed" testListId="8c84fa94-04c1-424b-9868-57a2d4851a1d" relativeResultsDirectory="2a305d8c-04ea-43fa-a37f-edb71c2c0a49" />
    <UnitTestResult executionId="d9b24111-aecc-476c-ac84-622d9fde9805" testId="03f02881-9810-4f80-406b-3c0fc88df5db" testName="CivitaBack.Tests.TipoLogroTest.TipoLogro_SetProperties_ValuesAreSet" computerName="DESKTOP-6IK3A6S" duration="00:00:00.0000747" startTime="2025-10-11T19:48:58.6901863-03:00" endTime="2025-10-11T19:48:58.6901864-03:00" testType="13cdc9d9-ddb5-4fa4-a97d-d965ccfc6d4b" outcome="Passed" testListId="8c84fa94-04c1-424b-9868-57a2d4851a1d" relativeResultsDirectory="d9b24111-aecc-476c-ac84-622d9fde9805" />
    <UnitTestResult executionId="e2a4d70a-2740-4db6-94c0-337feef41bb1" testId="5eaecec1-3f36-5a26-3b70-42010b43778a" testName="CivitaBack.Tests.TestServicioTest.ObtenerTests_ReturnsNewListInstance" computerName="DESKTOP-6IK3A6S" duration="00:00:00.0005988" startTime="2025-10-11T19:48:58.9730552-03:00" endTime="2025-10-11T19:48:58.9730555-03:00" testType="13cdc9d9-ddb5-4fa4-a97d-d965ccfc6d4b" outcome="Passed" testListId="8c84fa94-04c1-424b-9868-57a2d4851a1d" relativeResultsDirectory="e2a4d70a-2740-4db6-94c0-337feef41bb1" />
    <UnitTestResult executionId="5fb56f40-ea51-4138-af4b-ccc5aa1c7c9f" testId="56950016-98dc-b26c-1d1d-4496edbfa160" testName="CivitaBack.Tests.TestModeladoTest.TestModelado_SetProperties_ValuesAreSet" computerName="DESKTOP-6IK3A6S" duration="00:00:00.0001287" startTime="2025-10-11T19:48:58.6906855-03:00" endTime="2025-10-11T19:48:58.6906856-03:00" testType="13cdc9d9-ddb5-4fa4-a97d-d965ccfc6d4b" outcome="Passed" testListId="8c84fa94-04c1-424b-9868-57a2d4851a1d" relativeResultsDirectory="5fb56f40-ea51-4138-af4b-ccc5aa1c7c9f" />
    <UnitTestResult executionId="e6cfbb76-7374-4f38-91c3-081af1deec5d" testId="6a62bbca-aef6-b4fa-9557-2e4110d17008" testName="CivitaBack.Tests.LogroTest.Logro_DefaultDescripcion_IsEmptyString" computerName="DESKTOP-6IK3A6S" duration="00:00:00.0000559" startTime="2025-10-11T19:48:58.6998554-03:00" endTime="2025-10-11T19:48:58.6998555-03:00" testType="13cdc9d9-ddb5-4fa4-a97d-d965ccfc6d4b" outcome="Passed" testListId="8c84fa94-04c1-424b-9868-57a2d4851a1d" relativeResultsDirectory="e6cfbb76-7374-4f38-91c3-081af1deec5d" />
    <UnitTestResult executionId="60c1fde2-d4b4-4874-8485-d96b75447425" testId="1c971af2-f64b-39da-1175-0058ac4cc428" testName="CivitaBack.Tests.AuthLogicaTest.RegistrarUsuario_Correto_RetornaUsuario" computerName="DESKTOP-6IK3A6S" duration="00:00:00.0434285" startTime="2025-10-11T19:48:59.1788162-03:00" endTime="2025-10-11T19:48:59.1788174-03:00" testType="13cdc9d9-ddb5-4fa4-a97d-d965ccfc6d4b" outcome="Passed" testListId="8c84fa94-04c1-424b-9868-57a2d4851a1d" relativeResultsDirectory="60c1fde2-d4b4-4874-8485-d96b75447425" />
    <UnitTestResult executionId="10a9b606-d4b7-4107-ba6a-6491ad836eed" testId="ceddba89-bfc6-f393-3111-b7220ecb581a" testName="CivitaBack.Tests.UsuarioTest.Usuario_SetProperties_ValuesAreSet" computerName="DESKTOP-6IK3A6S" duration="00:00:00.0003545" startTime="2025-10-11T19:48:58.6929592-03:00" endTime="2025-10-11T19:48:58.6929594-03:00" testType="13cdc9d9-ddb5-4fa4-a97d-d965ccfc6d4b" outcome="Passed" testListId="8c84fa94-04c1-424b-9868-57a2d4851a1d" relativeResultsDirectory="10a9b606-d4b7-4107-ba6a-6491ad836eed" />
    <UnitTestResult executionId="810dbb8b-cb55-4cf3-b706-be2d333b3999" testId="97c3a9bd-57e4-1158-9658-2df0d4e92f81" testName="CivitaBack.Tests.EventoTest.Evento_Constructor_InitializesProperties" computerName="DESKTOP-6IK3A6S" duration="00:00:00.0001291" startTime="2025-10-11T19:48:58.6848397-03:00" endTime="2025-10-11T19:48:58.6848398-03:00" testType="13cdc9d9-ddb5-4fa4-a97d-d965ccfc6d4b" outcome="Passed" testListId="8c84fa94-04c1-424b-9868-57a2d4851a1d" relativeResultsDirectory="810dbb8b-cb55-4cf3-b706-be2d333b3999" />
    <UnitTestResult executionId="a743cb2c-73ef-4904-821b-6bd333b15603" testId="a74ba6f8-ff06-3983-edd8-d5da20942e3c" testName="CivitaBack.Tests.EstructuraTest.Estructura_SetProperties_ValuesAreSet" computerName="DESKTOP-6IK3A6S" duration="00:00:00.0007046" startTime="2025-10-11T19:48:58.6999317-03:00" endTime="2025-10-11T19:48:58.6999318-03:00" testType="13cdc9d9-ddb5-4fa4-a97d-d965ccfc6d4b" outcome="Passed" testListId="8c84fa94-04c1-424b-9868-57a2d4851a1d" relativeResultsDirectory="a743cb2c-73ef-4904-821b-6bd333b15603" />
    <UnitTestResult executionId="613049bf-899d-49ed-a185-2eff0dd67450" testId="31636527-3f8f-f46d-55f2-f8707dc43440" testName="CivitaBack.Tests.TipoLogroTest.TipoLogro_WithEmptyNombre_CanBeSetToEmpty" computerName="DESKTOP-6IK3A6S" duration="00:00:00.3526721" startTime="2025-10-11T19:48:58.6235188-03:00" endTime="2025-10-11T19:48:58.6235190-03:00" testType="13cdc9d9-ddb5-4fa4-a97d-d965ccfc6d4b" outcome="Passed" testListId="8c84fa94-04c1-424b-9868-57a2d4851a1d" relativeResultsDirectory="613049bf-899d-49ed-a185-2eff0dd67450" />
    <UnitTestResult executionId="11af40f6-f161-4521-9ce8-30bab167f0ea" testId="d123b7ae-be6b-a649-65f3-d255056bfb35" testName="CivitaBack.Tests.TipoLogroTest.TipoLogro_DefaultNombre_IsEmptyString" computerName="DESKTOP-6IK3A6S" duration="00:00:00.0000544" startTime="2025-10-11T19:48:58.6906049-03:00" endTime="2025-10-11T19:48:58.6906050-03:00" testType="13cdc9d9-ddb5-4fa4-a97d-d965ccfc6d4b" outcome="Passed" testListId="8c84fa94-04c1-424b-9868-57a2d4851a1d" relativeResultsDirectory="11af40f6-f161-4521-9ce8-30bab167f0ea" />
    <UnitTestResult executionId="5039832c-f303-4b60-bf4a-0b89d71a9dc0" testId="92f1c936-b9c5-2111-9306-741529587726" testName="CivitaBack.Tests.TestBOTest.Test_DefaultId_IsZero" computerName="DESKTOP-6IK3A6S" duration="00:00:00.0001678" startTime="2025-10-11T19:48:58.6973267-03:00" endTime="2025-10-11T19:48:58.6973268-03:00" testType="13cdc9d9-ddb5-4fa4-a97d-d965ccfc6d4b" outcome="Passed" testListId="8c84fa94-04c1-424b-9868-57a2d4851a1d" relativeResultsDirectory="5039832c-f303-4b60-bf4a-0b89d71a9dc0" />
    <UnitTestResult executionId="a98d8ad8-b01c-4a70-aae1-253034176568" testId="4655352b-211b-7059-694b-5f6f76ab1b4b" testName="CivitaBack.Tests.CondicionTest.Condicion_WithNullReferences_PropertiesCanBeNull" computerName="DESKTOP-6IK3A6S" duration="00:00:00.0001310" startTime="2025-10-11T19:48:58.6976186-03:00" endTime="2025-10-11T19:48:58.6976186-03:00" testType="13cdc9d9-ddb5-4fa4-a97d-d965ccfc6d4b" outcome="Passed" testListId="8c84fa94-04c1-424b-9868-57a2d4851a1d" relativeResultsDirectory="a98d8ad8-b01c-4a70-aae1-253034176568" />
    <UnitTestResult executionId="743a6a38-97f2-43c1-8d50-ec236510ee97" testId="2959a000-f13a-389e-07a6-d9379ea9ec58" testName="CivitaBack.Tests.LogroPartidaTest.LogroPartida_WithNullValues_PropertiesCanBeNull" computerName="DESKTOP-6IK3A6S" duration="00:00:00.0001258" startTime="2025-10-11T19:48:58.6965953-03:00" endTime="2025-10-11T19:48:58.6965954-03:00" testType="13cdc9d9-ddb5-4fa4-a97d-d965ccfc6d4b" outcome="Passed" testListId="8c84fa94-04c1-424b-9868-57a2d4851a1d" relativeResultsDirectory="743a6a38-97f2-43c1-8d50-ec236510ee97" />
    <UnitTestResult executionId="339efa41-c146-4169-925a-8da83f9bb20c" testId="3e84db68-6dd1-357d-6682-d1e7d8bd5487" testName="CivitaBack.Tests.UsuarioTest.Usuario_WithNullValues_PropertiesCanBeNull" computerName="DESKTOP-6IK3A6S" duration="00:00:00.0001073" startTime="2025-10-11T19:48:58.6933324-03:00" endTime="2025-10-11T19:48:58.6933324-03:00" testType="13cdc9d9-ddb5-4fa4-a97d-d965ccfc6d4b" outcome="Passed" testListId="8c84fa94-04c1-424b-9868-57a2d4851a1d" relativeResultsDirectory="339efa41-c146-4169-925a-8da83f9bb20c" />
    <UnitTestResult executionId="117e866a-25bb-4860-af96-0826aad80eb7" testId="92b14e94-9bab-da76-f60e-e4b28953a972" testName="CivitaBack.Tests.LogroPartidaTest.LogroPartida_Constructor_InitializesProperties" computerName="DESKTOP-6IK3A6S" duration="00:00:00.0000867" startTime="2025-10-11T19:48:58.6975562-03:00" endTime="2025-10-11T19:48:58.6975562-03:00" testType="13cdc9d9-ddb5-4fa4-a97d-d965ccfc6d4b" outcome="Passed" testListId="8c84fa94-04c1-424b-9868-57a2d4851a1d" relativeResultsDirectory="117e866a-25bb-4860-af96-0826aad80eb7" />
    <UnitTestResult executionId="b14df456-aa28-456d-b3ff-199cca4ce4a2" testId="91e42b23-68b1-bdbc-00c9-a3298112562d" testName="CivitaBack.Tests.LogroTest.Logro_WithNullValues_PropertiesCanBeNull" computerName="DESKTOP-6IK3A6S" duration="00:00:00.0003569" startTime="2025-10-11T19:48:58.6988477-03:00" endTime="2025-10-11T19:48:58.6988478-03:00" testType="13cdc9d9-ddb5-4fa4-a97d-d965ccfc6d4b" outcome="Passed" testListId="8c84fa94-04c1-424b-9868-57a2d4851a1d" relativeResultsDirectory="b14df456-aa28-456d-b3ff-199cca4ce4a2" />
    <UnitTestResult executionId="8e8ee3b1-427a-4176-bb4a-7a16f12aef72" testId="4aaaa849-8179-16e3-8ef7-547382b2535f" testName="CivitaBack.Tests.EstructuraTest.Estructura_Constructor_InitializesProperties" computerName="DESKTOP-6IK3A6S" duration="00:00:00.0005541" startTime="2025-10-11T19:48:58.6989690-03:00" endTime="2025-10-11T19:48:58.6989691-03:00" testType="13cdc9d9-ddb5-4fa4-a97d-d965ccfc6d4b" outcome="Passed" testListId="8c84fa94-04c1-424b-9868-57a2d4851a1d" relativeResultsDirectory="8e8ee3b1-427a-4176-bb4a-7a16f12aef72" />
    <UnitTestResult executionId="05b866d1-1460-4729-8a5f-cfe36e8fbc21" testId="eb187952-b2ce-0ff8-1ff4-a44581a1021e" testName="CivitaBack.Tests.EstructuraEnMapaTest.EstructuraEnMapa_SetProperties_ValuesAreSet" computerName="DESKTOP-6IK3A6S" duration="00:00:00.3542056" startTime="2025-10-11T19:48:58.6235668-03:00" endTime="2025-10-11T19:48:58.6235668-03:00" testType="13cdc9d9-ddb5-4fa4-a97d-d965ccfc6d4b" outcome="Passed" testListId="8c84fa94-04c1-424b-9868-57a2d4851a1d" relativeResultsDirectory="05b866d1-1460-4729-8a5f-cfe36e8fbc21" />
    <UnitTestResult executionId="bf4fdbf5-6c87-4e8a-a8b2-1c1d4d85c622" testId="59029712-ebc4-ecf5-a63f-f649f2c02bee" testName="CivitaBack.Tests.AppDbContextTest.CanAddAndRetrievePartida" computerName="DESKTOP-6IK3A6S" duration="00:00:00.0403301" startTime="2025-10-11T19:49:00.0320830-03:00" endTime="2025-10-11T19:49:00.0320833-03:00" testType="13cdc9d9-ddb5-4fa4-a97d-d965ccfc6d4b" outcome="Passed" testListId="8c84fa94-04c1-424b-9868-57a2d4851a1d" relativeResultsDirectory="bf4fdbf5-6c87-4e8a-a8b2-1c1d4d85c622" />
    <UnitTestResult executionId="67997b51-63ee-414b-af85-977c5f90aad1" testId="1d1f52d2-d46a-6abe-2757-8c6f764935c7" testName="CivitaBack.Tests.TestBOTest.Test_WithNullCorreo_PropertyCanBeNull" computerName="DESKTOP-6IK3A6S" duration="00:00:00.0000781" startTime="2025-10-11T19:48:58.6987744-03:00" endTime="2025-10-11T19:48:58.6987745-03:00" testType="13cdc9d9-ddb5-4fa4-a97d-d965ccfc6d4b" outcome="Passed" testListId="8c84fa94-04c1-424b-9868-57a2d4851a1d" relativeResultsDirectory="67997b51-63ee-414b-af85-977c5f90aad1" />
    <UnitTestResult executionId="a52de49f-d1d5-4801-a8ab-46a073bbc971" testId="e4e187c2-a658-ed4f-e896-1b3dc8e0bb85" testName="CivitaBack.Tests.TestBOTest.Test_Constructor_InitializesProperties" computerName="DESKTOP-6IK3A6S" duration="00:00:00.0001094" startTime="2025-10-11T19:48:58.6976771-03:00" endTime="2025-10-11T19:48:58.6976771-03:00" testType="13cdc9d9-ddb5-4fa4-a97d-d965ccfc6d4b" outcome="Passed" testListId="8c84fa94-04c1-424b-9868-57a2d4851a1d" relativeResultsDirectory="a52de49f-d1d5-4801-a8ab-46a073bbc971" />
    <UnitTestResult executionId="ee8ca909-5fe8-45d5-9bcc-d1588a0aaf78" testId="27eb130a-ce59-13ae-3329-7317d692e021" testName="CivitaBack.Tests.PartidaLogicaTest.CrearPartida_RetornaPartida_OK" computerName="DESKTOP-6IK3A6S" duration="00:00:00.0007399" startTime="2025-10-11T19:48:58.9935514-03:00" endTime="2025-10-11T19:48:58.9935515-03:00" testType="13cdc9d9-ddb5-4fa4-a97d-d965ccfc6d4b" outcome="Passed" testListId="8c84fa94-04c1-424b-9868-57a2d4851a1d" relativeResultsDirectory="ee8ca909-5fe8-45d5-9bcc-d1588a0aaf78" />
    <UnitTestResult executionId="ed35c8e1-c787-481b-82b5-4153dfb83360" testId="3da185b5-4a9a-6486-9f46-4c3487f751f1" testName="CivitaBack.Tests.PartidaTest.Partida_Constructor_InitializesProperties" computerName="DESKTOP-6IK3A6S" duration="00:00:00.0004034" startTime="2025-10-11T19:48:58.6947899-03:00" endTime="2025-10-11T19:48:58.6947900-03:00" testType="13cdc9d9-ddb5-4fa4-a97d-d965ccfc6d4b" outcome="Passed" testListId="8c84fa94-04c1-424b-9868-57a2d4851a1d" relativeResultsDirectory="ed35c8e1-c787-481b-82b5-4153dfb83360" />
    <UnitTestResult executionId="2f960717-baf3-45e9-a706-010f5563a279" testId="9cd4ac80-4553-ff75-098a-39a0dbda40e6" testName="CivitaBack.Tests.PartidaTest.Partida_WithDateTime_HandlesDateTimeCorrectly" computerName="DESKTOP-6IK3A6S" duration="00:00:00.0029639" startTime="2025-10-11T19:48:58.6914573-03:00" endTime="2025-10-11T19:48:58.6914575-03:00" testType="13cdc9d9-ddb5-4fa4-a97d-d965ccfc6d4b" outcome="Passed" testListId="8c84fa94-04c1-424b-9868-57a2d4851a1d" relativeResultsDirectory="2f960717-baf3-45e9-a706-010f5563a279" />
    <UnitTestResult executionId="77de77c3-d110-4305-b699-bb696b0f4ffa" testId="f15896b5-b7f1-d8a0-c065-57b5f70a001a" testName="CivitaBack.Tests.AuthLogicaTest.RegistrarUsuario_EmailExistente_LanzaExcepcion" computerName="DESKTOP-6IK3A6S" duration="00:00:00.7295232" startTime="2025-10-11T19:48:58.9884525-03:00" endTime="2025-10-11T19:48:58.9884532-03:00" testType="13cdc9d9-ddb5-4fa4-a97d-d965ccfc6d4b" outcome="Passed" testListId="8c84fa94-04c1-424b-9868-57a2d4851a1d" relativeResultsDirectory="77de77c3-d110-4305-b699-bb696b0f4ffa" />
    <UnitTestResult executionId="1776074f-7b70-409d-a408-cd8a91ceb215" testId="98d318fd-2a56-27fc-c860-34ef23cb9aa3" testName="CivitaBack.Tests.TestServicioTest.ObtenerTests_MultipleCalls_AlwaysReturnsEmptyList" computerName="DESKTOP-6IK3A6S" duration="00:00:00.3463439" startTime="2025-10-11T19:48:58.9723560-03:00" endTime="2025-10-11T19:48:58.9723566-03:00" testType="13cdc9d9-ddb5-4fa4-a97d-d965ccfc6d4b" outcome="Passed" testListId="8c84fa94-04c1-424b-9868-57a2d4851a1d" relativeResultsDirectory="1776074f-7b70-409d-a408-cd8a91ceb215" />
    <UnitTestResult executionId="ed37b048-0d2f-4ab4-ba5f-db5eeed1ca0d" testId="c30097ad-215d-42d5-2a1c-4a52fe053223" testName="CivitaBack.Tests.PartidaLogicaTest.Actualizar_CuandoNoSeEncuentraPartida_LanzaError" computerName="DESKTOP-6IK3A6S" duration="00:00:00.0005658" startTime="2025-10-11T19:48:58.9915497-03:00" endTime="2025-10-11T19:48:58.9915499-03:00" testType="13cdc9d9-ddb5-4fa4-a97d-d965ccfc6d4b" outcome="Passed" testListId="8c84fa94-04c1-424b-9868-57a2d4851a1d" relativeResultsDirectory="ed37b048-0d2f-4ab4-ba5f-db5eeed1ca0d" />
    <UnitTestResult executionId="3fb2400a-d403-45b4-b732-b6f70b231f53" testId="993d4c39-cba7-2eb9-116b-14a9ed0497e6" testName="CivitaBack.Tests.PartidaTest.Partida_SetProperties_ValuesAreSet" computerName="DESKTOP-6IK3A6S" duration="00:00:00.0006091" startTime="2025-10-11T19:48:58.6931958-03:00" endTime="2025-10-11T19:48:58.6931964-03:00" testType="13cdc9d9-ddb5-4fa4-a97d-d965ccfc6d4b" outcome="Passed" testListId="8c84fa94-04c1-424b-9868-57a2d4851a1d" relativeResultsDirectory="3fb2400a-d403-45b4-b732-b6f70b231f53" />
    <UnitTestResult executionId="d840ffbb-60b3-4e57-bbd7-233ea52cb6b4" testId="ca617a64-61a8-4ee0-e444-b6be2bc05582" testName="CivitaBack.Tests.AppDbContextTest.CanAddAndRetrieveUsuario" computerName="DESKTOP-6IK3A6S" duration="00:00:01.2554304" startTime="2025-10-11T19:48:59.8782741-03:00" endTime="2025-10-11T19:48:59.8782745-03:00" testType="13cdc9d9-ddb5-4fa4-a97d-d965ccfc6d4b" outcome="Passed" testListId="8c84fa94-04c1-424b-9868-57a2d4851a1d" relativeResultsDirectory="d840ffbb-60b3-4e57-bbd7-233ea52cb6b4" />
    <UnitTestResult executionId="47e0b314-dbf5-48d9-b61a-f583033b7e2a" testId="d9273f4e-8e30-f929-9ddf-19c857778762" testName="CivitaBack.Tests.PartidaLogicaTest.Actualizar_SaleOK" computerName="DESKTOP-6IK3A6S" duration="00:00:00.3668706" startTime="2025-10-11T19:48:58.9896460-03:00" endTime="2025-10-11T19:48:58.9896464-03:00" testType="13cdc9d9-ddb5-4fa4-a97d-d965ccfc6d4b" outcome="Passed" testListId="8c84fa94-04c1-424b-9868-57a2d4851a1d" relativeResultsDirectory="47e0b314-dbf5-48d9-b61a-f583033b7e2a" />
    <UnitTestResult executionId="495db451-91aa-482f-be88-2f4c25af426b" testId="3aa50b58-5ff2-5e90-c3b6-89e088224520" testName="CivitaBack.Tests.TipEnPartidaTest.TipEnPartida_Constructor_InitializesProperties" computerName="DESKTOP-6IK3A6S" duration="00:00:00.3526714" startTime="2025-10-11T19:48:58.6236129-03:00" endTime="2025-10-11T19:48:58.6236130-03:00" testType="13cdc9d9-ddb5-4fa4-a97d-d965ccfc6d4b" outcome="Passed" testListId="8c84fa94-04c1-424b-9868-57a2d4851a1d" relativeResultsDirectory="495db451-91aa-482f-be88-2f4c25af426b" />
    <UnitTestResult executionId="b8f721c2-e53e-4238-b65a-9f9bfda366d0" testId="c35c951d-4da7-346e-7595-fdd0349424f8" testName="CivitaBack.Tests.LogroPartidaTest.LogroPartida_SetProperties_ValuesAreSet" computerName="DESKTOP-6IK3A6S" duration="00:00:00.0005661" startTime="2025-10-11T19:48:58.6962947-03:00" endTime="2025-10-11T19:48:58.6962948-03:00" testType="13cdc9d9-ddb5-4fa4-a97d-d965ccfc6d4b" outcome="Passed" testListId="8c84fa94-04c1-424b-9868-57a2d4851a1d" relativeResultsDirectory="b8f721c2-e53e-4238-b65a-9f9bfda366d0" />
    <UnitTestResult executionId="765d3b85-655a-490e-a95e-d46c2835a855" testId="815254ea-5ca2-a58d-d88b-b921edc5e2aa" testName="CivitaBack.Tests.EstructuraEnMapaTest.EstructuraEnMapa_Constructor_InitializesProperties" computerName="DESKTOP-6IK3A6S" duration="00:00:00.0001209" startTime="2025-10-11T19:48:58.6840677-03:00" endTime="2025-10-11T19:48:58.6840680-03:00" testType="13cdc9d9-ddb5-4fa4-a97d-d965ccfc6d4b" outcome="Passed" testListId="8c84fa94-04c1-424b-9868-57a2d4851a1d" relativeResultsDirectory="765d3b85-655a-490e-a95e-d46c2835a855" />
    <UnitTestResult executionId="38dc8c2d-b77b-4247-93ab-ec04325d6b95" testId="2de0ad6f-75fc-22d8-7aeb-1581f260e898" testName="CivitaBack.Tests.TipoTipTest.TipoTip_Constructor_InitializesProperties" computerName="DESKTOP-6IK3A6S" duration="00:00:00.0001850" startTime="2025-10-11T19:48:58.6934852-03:00" endTime="2025-10-11T19:48:58.6934852-03:00" testType="13cdc9d9-ddb5-4fa4-a97d-d965ccfc6d4b" outcome="Passed" testListId="8c84fa94-04c1-424b-9868-57a2d4851a1d" relativeResultsDirectory="38dc8c2d-b77b-4247-93ab-ec04325d6b95" />
    <UnitTestResult executionId="70e3ac20-b3eb-498a-8e03-1e41ab833fd0" testId="bcd2557c-af54-794a-0b38-2e8bef1cf5d9" testName="CivitaBack.Tests.AppDbContextTest.LogroPartida_HasCompositeKey" computerName="DESKTOP-6IK3A6S" duration="00:00:00.0018389" startTime="2025-10-11T19:49:00.0431444-03:00" endTime="2025-10-11T19:49:00.0431445-03:00" testType="13cdc9d9-ddb5-4fa4-a97d-d965ccfc6d4b" outcome="Passed" testListId="8c84fa94-04c1-424b-9868-57a2d4851a1d" relativeResultsDirectory="70e3ac20-b3eb-498a-8e03-1e41ab833fd0" />
    <UnitTestResult executionId="31dca12c-8438-424a-bdaa-e116c5b82a9b" testId="520ef232-147d-9a38-c992-73b0ca2df797" testName="CivitaBack.Tests.PartidaTest.Partida_WithNullValues_PropertiesCanBeNull" computerName="DESKTOP-6IK3A6S" duration="00:00:00.3526899" startTime="2025-10-11T19:48:58.6235975-03:00" endTime="2025-10-11T19:48:58.6235975-03:00" testType="13cdc9d9-ddb5-4fa4-a97d-d965ccfc6d4b" outcome="Passed" testListId="8c84fa94-04c1-424b-9868-57a2d4851a1d" relativeResultsDirectory="31dca12c-8438-424a-bdaa-e116c5b82a9b" />
    <UnitTestResult executionId="c263f80f-3a21-4bad-97a2-f7b37f8fb72c" testId="21707c35-bae3-b33d-2920-dd3332627a7d" testName="CivitaBack.Tests.TipoTipTest.TipoTip_SetProperties_ValuesAreSet" computerName="DESKTOP-6IK3A6S" duration="00:00:00.0002865" startTime="2025-10-11T19:48:58.6930597-03:00" endTime="2025-10-11T19:48:58.6930598-03:00" testType="13cdc9d9-ddb5-4fa4-a97d-d965ccfc6d4b" outcome="Passed" testListId="8c84fa94-04c1-424b-9868-57a2d4851a1d" relativeResultsDirectory="c263f80f-3a21-4bad-97a2-f7b37f8fb72c" />
    <UnitTestResult executionId="7b69c8e5-37a8-424e-9f8b-fde19cf461c9" testId="1a6dafde-2738-bfe5-d4db-a6ff8383b5fc" testName="CivitaBack.Tests.PartidaLogicaTest.Actualizar_CuandoPartidaYUsuarioSonNull_LanzaError" computerName="DESKTOP-6IK3A6S" duration="00:00:00.0011655" startTime="2025-10-11T19:48:58.9909392-03:00" endTime="2025-10-11T19:48:58.9909395-03:00" testType="13cdc9d9-ddb5-4fa4-a97d-d965ccfc6d4b" outcome="Passed" testListId="8c84fa94-04c1-424b-9868-57a2d4851a1d" relativeResultsDirectory="7b69c8e5-37a8-424e-9f8b-fde19cf461c9" />
    <UnitTestResult executionId="00366d85-9ae3-41e6-9a58-a239f416ff50" testId="72354314-e52b-36e4-5205-de56f0692479" testName="CivitaBack.Tests.TestBOTest.Test_SetProperties_ValuesAreSet" computerName="DESKTOP-6IK3A6S" duration="00:00:00.0001350" startTime="2025-10-11T19:48:58.6985834-03:00" endTime="2025-10-11T19:48:58.6985835-03:00" testType="13cdc9d9-ddb5-4fa4-a97d-d965ccfc6d4b" outcome="Passed" testListId="8c84fa94-04c1-424b-9868-57a2d4851a1d" relativeResultsDirectory="00366d85-9ae3-41e6-9a58-a239f416ff50" />
    <UnitTestResult executionId="9b6b201a-31a6-4cd4-872b-1f7bd941b778" testId="4d8dd576-3cf9-2b33-3855-db7f66b30772" testName="CivitaBack.Tests.TipoTipTest.TipoTip_WithNullValues_PropertiesCanBeNull" computerName="DESKTOP-6IK3A6S" duration="00:00:00.0001188" startTime="2025-10-11T19:48:58.6946787-03:00" endTime="2025-10-11T19:48:58.6946788-03:00" testType="13cdc9d9-ddb5-4fa4-a97d-d965ccfc6d4b" outcome="Passed" testListId="8c84fa94-04c1-424b-9868-57a2d4851a1d" relativeResultsDirectory="9b6b201a-31a6-4cd4-872b-1f7bd941b778" />
    <UnitTestResult executionId="e427e3ee-c154-4712-83bf-ef1ae22fe0dd" testId="d7bd214b-ceec-757f-7954-a67e474d3107" testName="CivitaBack.Tests.TestServicioTest.Constructor_ConRepositorio_AsignaCorrectamente" computerName="DESKTOP-6IK3A6S" duration="00:00:00.0001346" startTime="2025-10-11T19:48:58.9732414-03:00" endTime="2025-10-11T19:48:58.9732415-03:00" testType="13cdc9d9-ddb5-4fa4-a97d-d965ccfc6d4b" outcome="Passed" testListId="8c84fa94-04c1-424b-9868-57a2d4851a1d" relativeResultsDirectory="e427e3ee-c154-4712-83bf-ef1ae22fe0dd" />
    <UnitTestResult executionId="bc0b602e-58f9-480c-a237-f98833e1ca41" testId="04fa129b-b15a-378d-ee91-7b680c90d6ad" testName="CivitaBack.Tests.TestModeladoTest.TestModelado_DefaultId_IsZero" computerName="DESKTOP-6IK3A6S" duration="00:00:00.0000699" startTime="2025-10-11T19:48:58.6900973-03:00" endTime="2025-10-11T19:48:58.6900980-03:00" testType="13cdc9d9-ddb5-4fa4-a97d-d965ccfc6d4b" outcome="Passed" testListId="8c84fa94-04c1-424b-9868-57a2d4851a1d" relativeResultsDirectory="bc0b602e-58f9-480c-a237-f98833e1ca41" />
    <UnitTestResult executionId="4acffba9-9aa8-4022-8cf6-210573d974f1" testId="8f0105d5-a301-26ac-e8f1-8781d0a442ce" testName="CivitaBack.Tests.TiendaTest.Tienda_Constructor_InitializesProperties" computerName="DESKTOP-6IK3A6S" duration="00:00:00.0001066" startTime="2025-10-11T19:48:58.6945835-03:00" endTime="2025-10-11T19:48:58.6945836-03:00" testType="13cdc9d9-ddb5-4fa4-a97d-d965ccfc6d4b" outcome="Passed" testListId="8c84fa94-04c1-424b-9868-57a2d4851a1d" relativeResultsDirectory="4acffba9-9aa8-4022-8cf6-210573d974f1" />
  </Results>
  <TestDefinitions>
    <UnitTest name="CivitaBack.Tests.PartidaTest.Partida_Constructor_InitializesProperties" storage="c:\users\gonza\source\repos\tpi\civitaback\civitaback.test\bin\release\net8.0\civitaback.tests.dll" id="3da185b5-4a9a-6486-9f46-4c3487f751f1">
      <Execution id="ed35c8e1-c787-481b-82b5-4153dfb83360" />
      <TestMethod codeBase="C:\Users\gonza\source\repos\tpi\CivitaBack\CivitaBack.Test\bin\Release\net8.0\CivitaBack.Tests.dll" adapterTypeName="executor://xunit/VsTestRunner2/netcoreapp" className="CivitaBack.Tests.PartidaTest" name="Partida_Constructor_InitializesProperties" />
    </UnitTest>
    <UnitTest name="CivitaBack.Tests.TestModeladoTest.TestModelado_Constructor_InitializesProperties" storage="c:\users\gonza\source\repos\tpi\civitaback\civitaback.test\bin\release\net8.0\civitaback.tests.dll" id="251cfa62-b334-884e-55cb-32a7e99d92a9">
      <Execution id="1a012e07-ca41-4763-8b53-64cdb0f0dc17" />
      <TestMethod codeBase="C:\Users\gonza\source\repos\tpi\CivitaBack\CivitaBack.Test\bin\Release\net8.0\CivitaBack.Tests.dll" adapterTypeName="executor://xunit/VsTestRunner2/netcoreapp" className="CivitaBack.Tests.TestModeladoTest" name="TestModelado_Constructor_InitializesProperties" />
    </UnitTest>
    <UnitTest name="CivitaBack.Tests.AppDbContextTest.CanAddAndRetrievePartida" storage="c:\users\gonza\source\repos\tpi\civitaback\civitaback.test\bin\release\net8.0\civitaback.tests.dll" id="59029712-ebc4-ecf5-a63f-f649f2c02bee">
      <Execution id="bf4fdbf5-6c87-4e8a-a8b2-1c1d4d85c622" />
      <TestMethod codeBase="C:\Users\gonza\source\repos\tpi\CivitaBack\CivitaBack.Test\bin\Release\net8.0\CivitaBack.Tests.dll" adapterTypeName="executor://xunit/VsTestRunner2/netcoreapp" className="CivitaBack.Tests.AppDbContextTest" name="CanAddAndRetrievePartida" />
    </UnitTest>
    <UnitTest name="CivitaBack.Tests.CondicionTest.Condicion_Constructor_InitializesProperties" storage="c:\users\gonza\source\repos\tpi\civitaback\civitaback.test\bin\release\net8.0\civitaback.tests.dll" id="3cb48f57-caca-3d6e-0504-0951b707307a">
      <Execution id="5bde6876-810d-4045-9894-f29faaacb553" />
      <TestMethod codeBase="C:\Users\gonza\source\repos\tpi\CivitaBack\CivitaBack.Test\bin\Release\net8.0\CivitaBack.Tests.dll" adapterTypeName="executor://xunit/VsTestRunner2/netcoreapp" className="CivitaBack.Tests.CondicionTest" name="Condicion_Constructor_InitializesProperties" />
    </UnitTest>
    <UnitTest name="CivitaBack.Tests.TestBOTest.Test_SetProperties_ValuesAreSet" storage="c:\users\gonza\source\repos\tpi\civitaback\civitaback.test\bin\release\net8.0\civitaback.tests.dll" id="72354314-e52b-36e4-5205-de56f0692479">
      <Execution id="00366d85-9ae3-41e6-9a58-a239f416ff50" />
      <TestMethod codeBase="C:\Users\gonza\source\repos\tpi\CivitaBack\CivitaBack.Test\bin\Release\net8.0\CivitaBack.Tests.dll" adapterTypeName="executor://xunit/VsTestRunner2/netcoreapp" className="CivitaBack.Tests.TestBOTest" name="Test_SetProperties_ValuesAreSet" />
    </UnitTest>
    <UnitTest name="CivitaBack.Tests.EstructuraTest.Estructura_SetProperties_ValuesAreSet" storage="c:\users\gonza\source\repos\tpi\civitaback\civitaback.test\bin\release\net8.0\civitaback.tests.dll" id="a74ba6f8-ff06-3983-edd8-d5da20942e3c">
      <Execution id="a743cb2c-73ef-4904-821b-6bd333b15603" />
      <TestMethod codeBase="C:\Users\gonza\source\repos\tpi\CivitaBack\CivitaBack.Test\bin\Release\net8.0\CivitaBack.Tests.dll" adapterTypeName="executor://xunit/VsTestRunner2/netcoreapp" className="CivitaBack.Tests.EstructuraTest" name="Estructura_SetProperties_ValuesAreSet" />
    </UnitTest>
    <UnitTest name="CivitaBack.Tests.TipoTipTest.TipoTip_SetProperties_ValuesAreSet" storage="c:\users\gonza\source\repos\tpi\civitaback\civitaback.test\bin\release\net8.0\civitaback.tests.dll" id="21707c35-bae3-b33d-2920-dd3332627a7d">
      <Execution id="c263f80f-3a21-4bad-97a2-f7b37f8fb72c" />
      <TestMethod codeBase="C:\Users\gonza\source\repos\tpi\CivitaBack\CivitaBack.Test\bin\Release\net8.0\CivitaBack.Tests.dll" adapterTypeName="executor://xunit/VsTestRunner2/netcoreapp" className="CivitaBack.Tests.TipoTipTest" name="TipoTip_SetProperties_ValuesAreSet" />
    </UnitTest>
    <UnitTest name="CivitaBack.Tests.EventoTest.Evento_WithNullValues_PropertiesCanBeNull" storage="c:\users\gonza\source\repos\tpi\civitaback\civitaback.test\bin\release\net8.0\civitaback.tests.dll" id="0bb93918-ffb5-0479-f7d9-53fc0d445728">
      <Execution id="3c844c24-31b7-49f2-9899-902f34ae3f8a" />
      <TestMethod codeBase="C:\Users\gonza\source\repos\tpi\CivitaBack\CivitaBack.Test\bin\Release\net8.0\CivitaBack.Tests.dll" adapterTypeName="executor://xunit/VsTestRunner2/netcoreapp" className="CivitaBack.Tests.EventoTest" name="Evento_WithNullValues_PropertiesCanBeNull" />
    </UnitTest>
    <UnitTest name="CivitaBack.Tests.TestBOTest.Test_Constructor_InitializesProperties" storage="c:\users\gonza\source\repos\tpi\civitaback\civitaback.test\bin\release\net8.0\civitaback.tests.dll" id="e4e187c2-a658-ed4f-e896-1b3dc8e0bb85">
      <Execution id="a52de49f-d1d5-4801-a8ab-46a073bbc971" />
      <TestMethod codeBase="C:\Users\gonza\source\repos\tpi\CivitaBack\CivitaBack.Test\bin\Release\net8.0\CivitaBack.Tests.dll" adapterTypeName="executor://xunit/VsTestRunner2/netcoreapp" className="CivitaBack.Tests.TestBOTest" name="Test_Constructor_InitializesProperties" />
    </UnitTest>
    <UnitTest name="CivitaBack.Tests.PartidaLogicaTest.Actualizar_CuandoRecursosNegativos_LanzaError" storage="c:\users\gonza\source\repos\tpi\civitaback\civitaback.test\bin\release\net8.0\civitaback.tests.dll" id="ff8cd951-5150-f025-f008-5771e0bf52eb">
      <Execution id="7fe94e23-10ff-4622-9d06-d132963580a0" />
      <TestMethod codeBase="C:\Users\gonza\source\repos\tpi\CivitaBack\CivitaBack.Test\bin\Release\net8.0\CivitaBack.Tests.dll" adapterTypeName="executor://xunit/VsTestRunner2/netcoreapp" className="CivitaBack.Tests.PartidaLogicaTest" name="Actualizar_CuandoRecursosNegativos_LanzaError" />
    </UnitTest>
    <UnitTest name="CivitaBack.Tests.TestBOTest.Test_WithNullCorreo_PropertyCanBeNull" storage="c:\users\gonza\source\repos\tpi\civitaback\civitaback.test\bin\release\net8.0\civitaback.tests.dll" id="1d1f52d2-d46a-6abe-2757-8c6f764935c7">
      <Execution id="67997b51-63ee-414b-af85-977c5f90aad1" />
      <TestMethod codeBase="C:\Users\gonza\source\repos\tpi\CivitaBack\CivitaBack.Test\bin\Release\net8.0\CivitaBack.Tests.dll" adapterTypeName="executor://xunit/VsTestRunner2/netcoreapp" className="CivitaBack.Tests.TestBOTest" name="Test_WithNullCorreo_PropertyCanBeNull" />
    </UnitTest>
    <UnitTest name="CivitaBack.Tests.TestServicioTest.Constructor_ConRepositorio_AsignaCorrectamente" storage="c:\users\gonza\source\repos\tpi\civitaback\civitaback.test\bin\release\net8.0\civitaback.tests.dll" id="d7bd214b-ceec-757f-7954-a67e474d3107">
      <Execution id="e427e3ee-c154-4712-83bf-ef1ae22fe0dd" />
      <TestMethod codeBase="C:\Users\gonza\source\repos\tpi\CivitaBack\CivitaBack.Test\bin\Release\net8.0\CivitaBack.Tests.dll" adapterTypeName="executor://xunit/VsTestRunner2/netcoreapp" className="CivitaBack.Tests.TestServicioTest" name="Constructor_ConRepositorio_AsignaCorrectamente" />
    </UnitTest>
    <UnitTest name="CivitaBack.Tests.TipoLogroTest.TipoLogro_DefaultNombre_IsEmptyString" storage="c:\users\gonza\source\repos\tpi\civitaback\civitaback.test\bin\release\net8.0\civitaback.tests.dll" id="d123b7ae-be6b-a649-65f3-d255056bfb35">
      <Execution id="11af40f6-f161-4521-9ce8-30bab167f0ea" />
      <TestMethod codeBase="C:\Users\gonza\source\repos\tpi\CivitaBack\CivitaBack.Test\bin\Release\net8.0\CivitaBack.Tests.dll" adapterTypeName="executor://xunit/VsTestRunner2/netcoreapp" className="CivitaBack.Tests.TipoLogroTest" name="TipoLogro_DefaultNombre_IsEmptyString" />
    </UnitTest>
    <UnitTest name="CivitaBack.Tests.TipoTipTest.TipoTip_WithNullValues_PropertiesCanBeNull" storage="c:\users\gonza\source\repos\tpi\civitaback\civitaback.test\bin\release\net8.0\civitaback.tests.dll" id="4d8dd576-3cf9-2b33-3855-db7f66b30772">
      <Execution id="9b6b201a-31a6-4cd4-872b-1f7bd941b778" />
      <TestMethod codeBase="C:\Users\gonza\source\repos\tpi\CivitaBack\CivitaBack.Test\bin\Release\net8.0\CivitaBack.Tests.dll" adapterTypeName="executor://xunit/VsTestRunner2/netcoreapp" className="CivitaBack.Tests.TipoTipTest" name="TipoTip_WithNullValues_PropertiesCanBeNull" />
    </UnitTest>
    <UnitTest name="CivitaBack.Tests.LogroTest.Logro_WithNullValues_PropertiesCanBeNull" storage="c:\users\gonza\source\repos\tpi\civitaback\civitaback.test\bin\release\net8.0\civitaback.tests.dll" id="91e42b23-68b1-bdbc-00c9-a3298112562d">
      <Execution id="b14df456-aa28-456d-b3ff-199cca4ce4a2" />
      <TestMethod codeBase="C:\Users\gonza\source\repos\tpi\CivitaBack\CivitaBack.Test\bin\Release\net8.0\CivitaBack.Tests.dll" adapterTypeName="executor://xunit/VsTestRunner2/netcoreapp" className="CivitaBack.Tests.LogroTest" name="Logro_WithNullValues_PropertiesCanBeNull" />
    </UnitTest>
    <UnitTest name="CivitaBack.Tests.AppDbContextTest.CanAddMultipleEntities" storage="c:\users\gonza\source\repos\tpi\civitaback\civitaback.test\bin\release\net8.0\civitaback.tests.dll" id="c2f55611-fdc0-a667-80a2-3c423d249eec">
      <Execution id="77e3d5f6-9830-4acb-a0a9-ef3c6ee8eeae" />
      <TestMethod codeBase="C:\Users\gonza\source\repos\tpi\CivitaBack\CivitaBack.Test\bin\Release\net8.0\CivitaBack.Tests.dll" adapterTypeName="executor://xunit/VsTestRunner2/netcoreapp" className="CivitaBack.Tests.AppDbContextTest" name="CanAddMultipleEntities" />
    </UnitTest>
    <UnitTest name="CivitaBack.Tests.EstructuraTest.Estructura_Constructor_InitializesProperties" storage="c:\users\gonza\source\repos\tpi\civitaback\civitaback.test\bin\release\net8.0\civitaback.tests.dll" id="4aaaa849-8179-16e3-8ef7-547382b2535f">
      <Execution id="8e8ee3b1-427a-4176-bb4a-7a16f12aef72" />
      <TestMethod codeBase="C:\Users\gonza\source\repos\tpi\CivitaBack\CivitaBack.Test\bin\Release\net8.0\CivitaBack.Tests.dll" adapterTypeName="executor://xunit/VsTestRunner2/netcoreapp" className="CivitaBack.Tests.EstructuraTest" name="Estructura_Constructor_InitializesProperties" />
    </UnitTest>
    <UnitTest name="CivitaBack.Tests.TestModeladoTest.TestModelado_DefaultId_IsZero" storage="c:\users\gonza\source\repos\tpi\civitaback\civitaback.test\bin\release\net8.0\civitaback.tests.dll" id="04fa129b-b15a-378d-ee91-7b680c90d6ad">
      <Execution id="bc0b602e-58f9-480c-a237-f98833e1ca41" />
      <TestMethod codeBase="C:\Users\gonza\source\repos\tpi\CivitaBack\CivitaBack.Test\bin\Release\net8.0\CivitaBack.Tests.dll" adapterTypeName="executor://xunit/VsTestRunner2/netcoreapp" className="CivitaBack.Tests.TestModeladoTest" name="TestModelado_DefaultId_IsZero" />
    </UnitTest>
    <UnitTest name="CivitaBack.Tests.TestServicioTest.ObtenerTests_MultipleCalls_AlwaysReturnsEmptyList" storage="c:\users\gonza\source\repos\tpi\civitaback\civitaback.test\bin\release\net8.0\civitaback.tests.dll" id="98d318fd-2a56-27fc-c860-34ef23cb9aa3">
      <Execution id="1776074f-7b70-409d-a408-cd8a91ceb215" />
      <TestMethod codeBase="C:\Users\gonza\source\repos\tpi\CivitaBack\CivitaBack.Test\bin\Release\net8.0\CivitaBack.Tests.dll" adapterTypeName="executor://xunit/VsTestRunner2/netcoreapp" className="CivitaBack.Tests.TestServicioTest" name="ObtenerTests_MultipleCalls_AlwaysReturnsEmptyList" />
    </UnitTest>
    <UnitTest name="CivitaBack.Tests.TipoLogroTest.TipoLogro_SetProperties_ValuesAreSet" storage="c:\users\gonza\source\repos\tpi\civitaback\civitaback.test\bin\release\net8.0\civitaback.tests.dll" id="03f02881-9810-4f80-406b-3c0fc88df5db">
      <Execution id="d9b24111-aecc-476c-ac84-622d9fde9805" />
      <TestMethod codeBase="C:\Users\gonza\source\repos\tpi\CivitaBack\CivitaBack.Test\bin\Release\net8.0\CivitaBack.Tests.dll" adapterTypeName="executor://xunit/VsTestRunner2/netcoreapp" className="CivitaBack.Tests.TipoLogroTest" name="TipoLogro_SetProperties_ValuesAreSet" />
    </UnitTest>
    <UnitTest name="CivitaBack.Tests.TipEnPartidaTest.TipEnPartida_Constructor_InitializesProperties" storage="c:\users\gonza\source\repos\tpi\civitaback\civitaback.test\bin\release\net8.0\civitaback.tests.dll" id="3aa50b58-5ff2-5e90-c3b6-89e088224520">
      <Execution id="495db451-91aa-482f-be88-2f4c25af426b" />
      <TestMethod codeBase="C:\Users\gonza\source\repos\tpi\CivitaBack\CivitaBack.Test\bin\Release\net8.0\CivitaBack.Tests.dll" adapterTypeName="executor://xunit/VsTestRunner2/netcoreapp" className="CivitaBack.Tests.TipEnPartidaTest" name="TipEnPartida_Constructor_InitializesProperties" />
    </UnitTest>
    <UnitTest name="CivitaBack.Tests.LogroTest.Logro_DefaultDescripcion_IsEmptyString" storage="c:\users\gonza\source\repos\tpi\civitaback\civitaback.test\bin\release\net8.0\civitaback.tests.dll" id="6a62bbca-aef6-b4fa-9557-2e4110d17008">
      <Execution id="e6cfbb76-7374-4f38-91c3-081af1deec5d" />
      <TestMethod codeBase="C:\Users\gonza\source\repos\tpi\CivitaBack\CivitaBack.Test\bin\Release\net8.0\CivitaBack.Tests.dll" adapterTypeName="executor://xunit/VsTestRunner2/netcoreapp" className="CivitaBack.Tests.LogroTest" name="Logro_DefaultDescripcion_IsEmptyString" />
    </UnitTest>
    <UnitTest name="CivitaBack.Tests.UsuarioTest.Usuario_Constructor_InitializesProperties" storage="c:\users\gonza\source\repos\tpi\civitaback\civitaback.test\bin\release\net8.0\civitaback.tests.dll" id="a826aa48-df8c-234b-4407-a774c6fe0985">
      <Execution id="4f4abd68-c113-4199-854f-1133dc952202" />
      <TestMethod codeBase="C:\Users\gonza\source\repos\tpi\CivitaBack\CivitaBack.Test\bin\Release\net8.0\CivitaBack.Tests.dll" adapterTypeName="executor://xunit/VsTestRunner2/netcoreapp" className="CivitaBack.Tests.UsuarioTest" name="Usuario_Constructor_InitializesProperties" />
    </UnitTest>
    <UnitTest name="CivitaBack.Tests.LogroPartidaTest.LogroPartida_Constructor_InitializesProperties" storage="c:\users\gonza\source\repos\tpi\civitaback\civitaback.test\bin\release\net8.0\civitaback.tests.dll" id="92b14e94-9bab-da76-f60e-e4b28953a972">
      <Execution id="117e866a-25bb-4860-af96-0826aad80eb7" />
      <TestMethod codeBase="C:\Users\gonza\source\repos\tpi\CivitaBack\CivitaBack.Test\bin\Release\net8.0\CivitaBack.Tests.dll" adapterTypeName="executor://xunit/VsTestRunner2/netcoreapp" className="CivitaBack.Tests.LogroPartidaTest" name="LogroPartida_Constructor_InitializesProperties" />
    </UnitTest>
    <UnitTest name="CivitaBack.Tests.EstructuraTest.Estructura_WithNullValues_PropertiesCanBeNull" storage="c:\users\gonza\source\repos\tpi\civitaback\civitaback.test\bin\release\net8.0\civitaback.tests.dll" id="18146cca-7519-1a7a-140e-ac23b29378e8">
      <Execution id="689b07ab-64a8-4abd-b5ef-7df0b0ad4f2f" />
      <TestMethod codeBase="C:\Users\gonza\source\repos\tpi\CivitaBack\CivitaBack.Test\bin\Release\net8.0\CivitaBack.Tests.dll" adapterTypeName="executor://xunit/VsTestRunner2/netcoreapp" className="CivitaBack.Tests.EstructuraTest" name="Estructura_WithNullValues_PropertiesCanBeNull" />
    </UnitTest>
    <UnitTest name="CivitaBack.Tests.PartidaLogicaTest.CrearPartida_ThrowError_Existente" storage="c:\users\gonza\source\repos\tpi\civitaback\civitaback.test\bin\release\net8.0\civitaback.tests.dll" id="c912e852-9162-ff9b-578f-b3d7aaa28de6">
      <Execution id="e9b16be3-ef28-40dc-b114-705b6f1d6f94" />
      <TestMethod codeBase="C:\Users\gonza\source\repos\tpi\CivitaBack\CivitaBack.Test\bin\Release\net8.0\CivitaBack.Tests.dll" adapterTypeName="executor://xunit/VsTestRunner2/netcoreapp" className="CivitaBack.Tests.PartidaLogicaTest" name="CrearPartida_ThrowError_Existente" />
    </UnitTest>
    <UnitTest name="CivitaBack.Tests.TipEnPartidaTest.TipEnPartida_SetProperties_ValuesAreSet" storage="c:\users\gonza\source\repos\tpi\civitaback\civitaback.test\bin\release\net8.0\civitaback.tests.dll" id="23821415-d63c-d753-92e5-9f817ed54149">
      <Execution id="a1755ce3-d967-480d-ace5-f5266e98eb77" />
      <TestMethod codeBase="C:\Users\gonza\source\repos\tpi\CivitaBack\CivitaBack.Test\bin\Release\net8.0\CivitaBack.Tests.dll" adapterTypeName="executor://xunit/VsTestRunner2/netcoreapp" className="CivitaBack.Tests.TipEnPartidaTest" name="TipEnPartida_SetProperties_ValuesAreSet" />
    </UnitTest>
    <UnitTest name="CivitaBack.Tests.PartidaTest.Partida_WithDateTime_HandlesDateTimeCorrectly" storage="c:\users\gonza\source\repos\tpi\civitaback\civitaback.test\bin\release\net8.0\civitaback.tests.dll" id="9cd4ac80-4553-ff75-098a-39a0dbda40e6">
      <Execution id="2f960717-baf3-45e9-a706-010f5563a279" />
      <TestMethod codeBase="C:\Users\gonza\source\repos\tpi\CivitaBack\CivitaBack.Test\bin\Release\net8.0\CivitaBack.Tests.dll" adapterTypeName="executor://xunit/VsTestRunner2/netcoreapp" className="CivitaBack.Tests.PartidaTest" name="Partida_WithDateTime_HandlesDateTimeCorrectly" />
    </UnitTest>
    <UnitTest name="CivitaBack.Tests.CondicionTest.Condicion_SetProperties_ValuesAreSet" storage="c:\users\gonza\source\repos\tpi\civitaback\civitaback.test\bin\release\net8.0\civitaback.tests.dll" id="45ece9f3-f0cb-e7fc-2924-ae96290e3692">
      <Execution id="d3ac114f-dd1e-4914-ad74-63370bccff83" />
      <TestMethod codeBase="C:\Users\gonza\source\repos\tpi\CivitaBack\CivitaBack.Test\bin\Release\net8.0\CivitaBack.Tests.dll" adapterTypeName="executor://xunit/VsTestRunner2/netcoreapp" className="CivitaBack.Tests.CondicionTest" name="Condicion_SetProperties_ValuesAreSet" />
    </UnitTest>
    <UnitTest name="CivitaBack.Tests.TiendaTest.Tienda_Constructor_InitializesProperties" storage="c:\users\gonza\source\repos\tpi\civitaback\civitaback.test\bin\release\net8.0\civitaback.tests.dll" id="8f0105d5-a301-26ac-e8f1-8781d0a442ce">
      <Execution id="4acffba9-9aa8-4022-8cf6-210573d974f1" />
      <TestMethod codeBase="C:\Users\gonza\source\repos\tpi\CivitaBack\CivitaBack.Test\bin\Release\net8.0\CivitaBack.Tests.dll" adapterTypeName="executor://xunit/VsTestRunner2/netcoreapp" className="CivitaBack.Tests.TiendaTest" name="Tienda_Constructor_InitializesProperties" />
    </UnitTest>
    <UnitTest name="CivitaBack.Tests.LogroTest.Logro_Constructor_InitializesProperties" storage="c:\users\gonza\source\repos\tpi\civitaback\civitaback.test\bin\release\net8.0\civitaback.tests.dll" id="38c08d14-a731-066d-35e5-99da84d8f54f">
      <Execution id="c34db968-78ab-440e-b3ad-f53ca5c24178" />
      <TestMethod codeBase="C:\Users\gonza\source\repos\tpi\CivitaBack\CivitaBack.Test\bin\Release\net8.0\CivitaBack.Tests.dll" adapterTypeName="executor://xunit/VsTestRunner2/netcoreapp" className="CivitaBack.Tests.LogroTest" name="Logro_Constructor_InitializesProperties" />
    </UnitTest>
    <UnitTest name="CivitaBack.Tests.PartidaLogicaTest.CrearPartida_RetornaPartida_OK" storage="c:\users\gonza\source\repos\tpi\civitaback\civitaback.test\bin\release\net8.0\civitaback.tests.dll" id="27eb130a-ce59-13ae-3329-7317d692e021">
      <Execution id="ee8ca909-5fe8-45d5-9bcc-d1588a0aaf78" />
      <TestMethod codeBase="C:\Users\gonza\source\repos\tpi\CivitaBack\CivitaBack.Test\bin\Release\net8.0\CivitaBack.Tests.dll" adapterTypeName="executor://xunit/VsTestRunner2/netcoreapp" className="CivitaBack.Tests.PartidaLogicaTest" name="CrearPartida_RetornaPartida_OK" />
    </UnitTest>
    <UnitTest name="CivitaBack.Tests.LogroPartidaTest.LogroPartida_SetProperties_ValuesAreSet" storage="c:\users\gonza\source\repos\tpi\civitaback\civitaback.test\bin\release\net8.0\civitaback.tests.dll" id="c35c951d-4da7-346e-7595-fdd0349424f8">
      <Execution id="b8f721c2-e53e-4238-b65a-9f9bfda366d0" />
      <TestMethod codeBase="C:\Users\gonza\source\repos\tpi\CivitaBack\CivitaBack.Test\bin\Release\net8.0\CivitaBack.Tests.dll" adapterTypeName="executor://xunit/VsTestRunner2/netcoreapp" className="CivitaBack.Tests.LogroPartidaTest" name="LogroPartida_SetProperties_ValuesAreSet" />
    </UnitTest>
    <UnitTest name="CivitaBack.Tests.EstructuraTest.Estructura_BooleanProperties_CanBeSetToTrue" storage="c:\users\gonza\source\repos\tpi\civitaback\civitaback.test\bin\release\net8.0\civitaback.tests.dll" id="a7b6a6cb-60e1-679a-f36e-44fac5da7764">
      <Execution id="6323b9fe-b99e-4ec7-b731-62ab1e05aa1c" />
      <TestMethod codeBase="C:\Users\gonza\source\repos\tpi\CivitaBack\CivitaBack.Test\bin\Release\net8.0\CivitaBack.Tests.dll" adapterTypeName="executor://xunit/VsTestRunner2/netcoreapp" className="CivitaBack.Tests.EstructuraTest" name="Estructura_BooleanProperties_CanBeSetToTrue" />
    </UnitTest>
    <UnitTest name="CivitaBack.Tests.EstructuraEnMapaTest.EstructuraEnMapa_SetProperties_ValuesAreSet" storage="c:\users\gonza\source\repos\tpi\civitaback\civitaback.test\bin\release\net8.0\civitaback.tests.dll" id="eb187952-b2ce-0ff8-1ff4-a44581a1021e">
      <Execution id="05b866d1-1460-4729-8a5f-cfe36e8fbc21" />
      <TestMethod codeBase="C:\Users\gonza\source\repos\tpi\CivitaBack\CivitaBack.Test\bin\Release\net8.0\CivitaBack.Tests.dll" adapterTypeName="executor://xunit/VsTestRunner2/netcoreapp" className="CivitaBack.Tests.EstructuraEnMapaTest" name="EstructuraEnMapa_SetProperties_ValuesAreSet" />
    </UnitTest>
    <UnitTest name="CivitaBack.Tests.PartidaLogicaTest.Actualizar_SaleOK" storage="c:\users\gonza\source\repos\tpi\civitaback\civitaback.test\bin\release\net8.0\civitaback.tests.dll" id="d9273f4e-8e30-f929-9ddf-19c857778762">
      <Execution id="47e0b314-dbf5-48d9-b61a-f583033b7e2a" />
      <TestMethod codeBase="C:\Users\gonza\source\repos\tpi\CivitaBack\CivitaBack.Test\bin\Release\net8.0\CivitaBack.Tests.dll" adapterTypeName="executor://xunit/VsTestRunner2/netcoreapp" className="CivitaBack.Tests.PartidaLogicaTest" name="Actualizar_SaleOK" />
    </UnitTest>
    <UnitTest name="CivitaBack.Tests.AppDbContextTest.CanAddTipoTip" storage="c:\users\gonza\source\repos\tpi\civitaback\civitaback.test\bin\release\net8.0\civitaback.tests.dll" id="8452d044-7278-eb45-8d38-e52df3719c3e">
      <Execution id="c58f8c6f-a967-457b-a9b3-9c6289413127" />
      <TestMethod codeBase="C:\Users\gonza\source\repos\tpi\CivitaBack\CivitaBack.Test\bin\Release\net8.0\CivitaBack.Tests.dll" adapterTypeName="executor://xunit/VsTestRunner2/netcoreapp" className="CivitaBack.Tests.AppDbContextTest" name="CanAddTipoTip" />
    </UnitTest>
    <UnitTest name="CivitaBack.Tests.AuthLogicaTest.RegistrarUsuario_EmailExistente_LanzaExcepcion" storage="c:\users\gonza\source\repos\tpi\civitaback\civitaback.test\bin\release\net8.0\civitaback.tests.dll" id="f15896b5-b7f1-d8a0-c065-57b5f70a001a">
      <Execution id="77de77c3-d110-4305-b699-bb696b0f4ffa" />
      <TestMethod codeBase="C:\Users\gonza\source\repos\tpi\CivitaBack\CivitaBack.Test\bin\Release\net8.0\CivitaBack.Tests.dll" adapterTypeName="executor://xunit/VsTestRunner2/netcoreapp" className="CivitaBack.Tests.AuthLogicaTest" name="RegistrarUsuario_EmailExistente_LanzaExcepcion" />
    </UnitTest>
    <UnitTest name="CivitaBack.Tests.EventoTest.Evento_Constructor_InitializesProperties" storage="c:\users\gonza\source\repos\tpi\civitaback\civitaback.test\bin\release\net8.0\civitaback.tests.dll" id="97c3a9bd-57e4-1158-9658-2df0d4e92f81">
      <Execution id="810dbb8b-cb55-4cf3-b706-be2d333b3999" />
      <TestMethod codeBase="C:\Users\gonza\source\repos\tpi\CivitaBack\CivitaBack.Test\bin\Release\net8.0\CivitaBack.Tests.dll" adapterTypeName="executor://xunit/VsTestRunner2/netcoreapp" className="CivitaBack.Tests.EventoTest" name="Evento_Constructor_InitializesProperties" />
    </UnitTest>
    <UnitTest name="CivitaBack.Tests.TestModeladoTest.TestModelado_WithNullCorreo_PropertyCanBeNull" storage="c:\users\gonza\source\repos\tpi\civitaback\civitaback.test\bin\release\net8.0\civitaback.tests.dll" id="1674e7ac-ca2e-2210-c7d4-32869770c208">
      <Execution id="b5212702-7a81-4e70-807f-97e3f65344f8" />
      <TestMethod codeBase="C:\Users\gonza\source\repos\tpi\CivitaBack\CivitaBack.Test\bin\Release\net8.0\CivitaBack.Tests.dll" adapterTypeName="executor://xunit/VsTestRunner2/netcoreapp" className="CivitaBack.Tests.TestModeladoTest" name="TestModelado_WithNullCorreo_PropertyCanBeNull" />
    </UnitTest>
    <UnitTest name="CivitaBack.Tests.AppDbContextTest.LogroPartida_HasCompositeKey" storage="c:\users\gonza\source\repos\tpi\civitaback\civitaback.test\bin\release\net8.0\civitaback.tests.dll" id="bcd2557c-af54-794a-0b38-2e8bef1cf5d9">
      <Execution id="70e3ac20-b3eb-498a-8e03-1e41ab833fd0" />
      <TestMethod codeBase="C:\Users\gonza\source\repos\tpi\CivitaBack\CivitaBack.Test\bin\Release\net8.0\CivitaBack.Tests.dll" adapterTypeName="executor://xunit/VsTestRunner2/netcoreapp" className="CivitaBack.Tests.AppDbContextTest" name="LogroPartida_HasCompositeKey" />
    </UnitTest>
    <UnitTest name="CivitaBack.Tests.UsuarioTest.Usuario_WithNullValues_PropertiesCanBeNull" storage="c:\users\gonza\source\repos\tpi\civitaback\civitaback.test\bin\release\net8.0\civitaback.tests.dll" id="3e84db68-6dd1-357d-6682-d1e7d8bd5487">
      <Execution id="339efa41-c146-4169-925a-8da83f9bb20c" />
      <TestMethod codeBase="C:\Users\gonza\source\repos\tpi\CivitaBack\CivitaBack.Test\bin\Release\net8.0\CivitaBack.Tests.dll" adapterTypeName="executor://xunit/VsTestRunner2/netcoreapp" className="CivitaBack.Tests.UsuarioTest" name="Usuario_WithNullValues_PropertiesCanBeNull" />
    </UnitTest>
    <UnitTest name="CivitaBack.Tests.AppDbContextTest.CanAddEventoMaestro" storage="c:\users\gonza\source\repos\tpi\civitaback\civitaback.test\bin\release\net8.0\civitaback.tests.dll" id="fb84861a-9a3d-efb1-130a-2758ea2f90a3">
      <Execution id="d70d3b3e-a6a7-49b2-9222-2897e043e66c" />
      <TestMethod codeBase="C:\Users\gonza\source\repos\tpi\CivitaBack\CivitaBack.Test\bin\Release\net8.0\CivitaBack.Tests.dll" adapterTypeName="executor://xunit/VsTestRunner2/netcoreapp" className="CivitaBack.Tests.AppDbContextTest" name="CanAddEventoMaestro" />
    </UnitTest>
    <UnitTest name="CivitaBack.Tests.TipoLogroTest.TipoLogro_Constructor_InitializesProperties" storage="c:\users\gonza\source\repos\tpi\civitaback\civitaback.test\bin\release\net8.0\civitaback.tests.dll" id="e9474f96-abcc-08d5-719e-10ad66aefaec">
      <Execution id="2a305d8c-04ea-43fa-a37f-edb71c2c0a49" />
      <TestMethod codeBase="C:\Users\gonza\source\repos\tpi\CivitaBack\CivitaBack.Test\bin\Release\net8.0\CivitaBack.Tests.dll" adapterTypeName="executor://xunit/VsTestRunner2/netcoreapp" className="CivitaBack.Tests.TipoLogroTest" name="TipoLogro_Constructor_InitializesProperties" />
    </UnitTest>
    <UnitTest name="CivitaBack.Tests.TestServicioTest.ObtenerTests_RetornaListaVacia" storage="c:\users\gonza\source\repos\tpi\civitaback\civitaback.test\bin\release\net8.0\civitaback.tests.dll" id="159a5f4e-4895-bce7-47df-89087bfec741">
      <Execution id="028a0f02-05cc-4b63-907b-582db6cbdb2c" />
      <TestMethod codeBase="C:\Users\gonza\source\repos\tpi\CivitaBack\CivitaBack.Test\bin\Release\net8.0\CivitaBack.Tests.dll" adapterTypeName="executor://xunit/VsTestRunner2/netcoreapp" className="CivitaBack.Tests.TestServicioTest" name="ObtenerTests_RetornaListaVacia" />
    </UnitTest>
    <UnitTest name="CivitaBack.Tests.TipoEstructuraTest.TipoEstructura_WithNegativeValues_CanHandleNegativeNumbers" storage="c:\users\gonza\source\repos\tpi\civitaback\civitaback.test\bin\release\net8.0\civitaback.tests.dll" id="fc805667-fa9b-b8a5-4a96-a63ceb7fc242">
      <Execution id="f53a26ef-cc81-4437-825c-94d3df9d4267" />
      <TestMethod codeBase="C:\Users\gonza\source\repos\tpi\CivitaBack\CivitaBack.Test\bin\Release\net8.0\CivitaBack.Tests.dll" adapterTypeName="executor://xunit/VsTestRunner2/netcoreapp" className="CivitaBack.Tests.TipoEstructuraTest" name="TipoEstructura_WithNegativeValues_CanHandleNegativeNumbers" />
    </UnitTest>
    <UnitTest name="CivitaBack.Tests.TipEnPartidaTest.TipEnPartida_WithNullValues_PropertiesCanBeNull" storage="c:\users\gonza\source\repos\tpi\civitaback\civitaback.test\bin\release\net8.0\civitaback.tests.dll" id="8dbeefa4-3b18-2596-444e-6aa59d0f1ae2">
      <Execution id="96a88a1d-6c26-4179-af76-07aa80be9b10" />
      <TestMethod codeBase="C:\Users\gonza\source\repos\tpi\CivitaBack\CivitaBack.Test\bin\Release\net8.0\CivitaBack.Tests.dll" adapterTypeName="executor://xunit/VsTestRunner2/netcoreapp" className="CivitaBack.Tests.TipEnPartidaTest" name="TipEnPartida_WithNullValues_PropertiesCanBeNull" />
    </UnitTest>
    <UnitTest name="CivitaBack.Tests.CondicionTest.Condicion_WithNullReferences_PropertiesCanBeNull" storage="c:\users\gonza\source\repos\tpi\civitaback\civitaback.test\bin\release\net8.0\civitaback.tests.dll" id="4655352b-211b-7059-694b-5f6f76ab1b4b">
      <Execution id="a98d8ad8-b01c-4a70-aae1-253034176568" />
      <TestMethod codeBase="C:\Users\gonza\source\repos\tpi\CivitaBack\CivitaBack.Test\bin\Release\net8.0\CivitaBack.Tests.dll" adapterTypeName="executor://xunit/VsTestRunner2/netcoreapp" className="CivitaBack.Tests.CondicionTest" name="Condicion_WithNullReferences_PropertiesCanBeNull" />
    </UnitTest>
    <UnitTest name="CivitaBack.Tests.TipTest.Tip_WithNullValues_PropertiesCanBeNull" storage="c:\users\gonza\source\repos\tpi\civitaback\civitaback.test\bin\release\net8.0\civitaback.tests.dll" id="6d4e2dea-4228-0709-cd3b-aa7f60423edb">
      <Execution id="3d18cc31-f144-4f67-8884-2119ce0a34df" />
      <TestMethod codeBase="C:\Users\gonza\source\repos\tpi\CivitaBack\CivitaBack.Test\bin\Release\net8.0\CivitaBack.Tests.dll" adapterTypeName="executor://xunit/VsTestRunner2/netcoreapp" className="CivitaBack.Tests.TipTest" name="Tip_WithNullValues_PropertiesCanBeNull" />
    </UnitTest>
    <UnitTest name="CivitaBack.Tests.TipoEstructuraTest.TipoEstructura_SetProperties_ValuesAreSet" storage="c:\users\gonza\source\repos\tpi\civitaback\civitaback.test\bin\release\net8.0\civitaback.tests.dll" id="d9aef593-5644-15d1-6466-396f4b196282">
      <Execution id="0d194d2e-5804-4cd6-b54b-5cae0e5f04a5" />
      <TestMethod codeBase="C:\Users\gonza\source\repos\tpi\CivitaBack\CivitaBack.Test\bin\Release\net8.0\CivitaBack.Tests.dll" adapterTypeName="executor://xunit/VsTestRunner2/netcoreapp" className="CivitaBack.Tests.TipoEstructuraTest" name="TipoEstructura_SetProperties_ValuesAreSet" />
    </UnitTest>
    <UnitTest name="CivitaBack.Tests.TestServicioTest.ObtenerTests_ReturnsNewListInstance" storage="c:\users\gonza\source\repos\tpi\civitaback\civitaback.test\bin\release\net8.0\civitaback.tests.dll" id="5eaecec1-3f36-5a26-3b70-42010b43778a">
      <Execution id="e2a4d70a-2740-4db6-94c0-337feef41bb1" />
      <TestMethod codeBase="C:\Users\gonza\source\repos\tpi\CivitaBack\CivitaBack.Test\bin\Release\net8.0\CivitaBack.Tests.dll" adapterTypeName="executor://xunit/VsTestRunner2/netcoreapp" className="CivitaBack.Tests.TestServicioTest" name="ObtenerTests_ReturnsNewListInstance" />
    </UnitTest>
    <UnitTest name="CivitaBack.Tests.PartidaTest.Partida_SetProperties_ValuesAreSet" storage="c:\users\gonza\source\repos\tpi\civitaback\civitaback.test\bin\release\net8.0\civitaback.tests.dll" id="993d4c39-cba7-2eb9-116b-14a9ed0497e6">
      <Execution id="3fb2400a-d403-45b4-b732-b6f70b231f53" />
      <TestMethod codeBase="C:\Users\gonza\source\repos\tpi\CivitaBack\CivitaBack.Test\bin\Release\net8.0\CivitaBack.Tests.dll" adapterTypeName="executor://xunit/VsTestRunner2/netcoreapp" className="CivitaBack.Tests.PartidaTest" name="Partida_SetProperties_ValuesAreSet" />
    </UnitTest>
    <UnitTest name="CivitaBack.Tests.CondicionTest.Condicion_WithZeroValues_PropertiesCanBeZero" storage="c:\users\gonza\source\repos\tpi\civitaback\civitaback.test\bin\release\net8.0\civitaback.tests.dll" id="3884a933-cd3d-87b9-d5e9-55475683f8c3">
      <Execution id="de8970f2-4148-41b5-b65c-a02c48e3d7e3" />
      <TestMethod codeBase="C:\Users\gonza\source\repos\tpi\CivitaBack\CivitaBack.Test\bin\Release\net8.0\CivitaBack.Tests.dll" adapterTypeName="executor://xunit/VsTestRunner2/netcoreapp" className="CivitaBack.Tests.CondicionTest" name="Condicion_WithZeroValues_PropertiesCanBeZero" />
    </UnitTest>
    <UnitTest name="CivitaBack.Tests.AppDbContextTest.Constructor_WithOptions_CreatesContext" storage="c:\users\gonza\source\repos\tpi\civitaback\civitaback.test\bin\release\net8.0\civitaback.tests.dll" id="409f8056-a349-6849-a90d-6a35142db405">
      <Execution id="6dd9e5bd-8b0c-4f84-ba77-311fe4c6bb61" />
      <TestMethod codeBase="C:\Users\gonza\source\repos\tpi\CivitaBack\CivitaBack.Test\bin\Release\net8.0\CivitaBack.Tests.dll" adapterTypeName="executor://xunit/VsTestRunner2/netcoreapp" className="CivitaBack.Tests.AppDbContextTest" name="Constructor_WithOptions_CreatesContext" />
    </UnitTest>
    <UnitTest name="CivitaBack.Tests.TestModeladoTest.TestModelado_SetProperties_ValuesAreSet" storage="c:\users\gonza\source\repos\tpi\civitaback\civitaback.test\bin\release\net8.0\civitaback.tests.dll" id="56950016-98dc-b26c-1d1d-4496edbfa160">
      <Execution id="5fb56f40-ea51-4138-af4b-ccc5aa1c7c9f" />
      <TestMethod codeBase="C:\Users\gonza\source\repos\tpi\CivitaBack\CivitaBack.Test\bin\Release\net8.0\CivitaBack.Tests.dll" adapterTypeName="executor://xunit/VsTestRunner2/netcoreapp" className="CivitaBack.Tests.TestModeladoTest" name="TestModelado_SetProperties_ValuesAreSet" />
    </UnitTest>
    <UnitTest name="CivitaBack.Tests.AppDbContextTest.DbSets_AreInitialized" storage="c:\users\gonza\source\repos\tpi\civitaback\civitaback.test\bin\release\net8.0\civitaback.tests.dll" id="ae52e9d7-e091-c2df-eaee-3445edf45183">
      <Execution id="9e42ec5e-6451-4a8a-b964-05e625582299" />
      <TestMethod codeBase="C:\Users\gonza\source\repos\tpi\CivitaBack\CivitaBack.Test\bin\Release\net8.0\CivitaBack.Tests.dll" adapterTypeName="executor://xunit/VsTestRunner2/netcoreapp" className="CivitaBack.Tests.AppDbContextTest" name="DbSets_AreInitialized" />
    </UnitTest>
    <UnitTest name="CivitaBack.Tests.EventoMaestroTest.EventoMaestro_SetProperties_ValuesAreSet" storage="c:\users\gonza\source\repos\tpi\civitaback\civitaback.test\bin\release\net8.0\civitaback.tests.dll" id="8858b634-947c-d120-ac20-f8d42bb942c1">
      <Execution id="0c781e01-96a9-4524-b2e6-df276a4c0701" />
      <TestMethod codeBase="C:\Users\gonza\source\repos\tpi\CivitaBack\CivitaBack.Test\bin\Release\net8.0\CivitaBack.Tests.dll" adapterTypeName="executor://xunit/VsTestRunner2/netcoreapp" className="CivitaBack.Tests.EventoMaestroTest" name="EventoMaestro_SetProperties_ValuesAreSet" />
    </UnitTest>
    <UnitTest name="CivitaBack.Tests.TipoEstructuraTest.TipoEstructura_WithNullValues_PropertiesCanBeNull" storage="c:\users\gonza\source\repos\tpi\civitaback\civitaback.test\bin\release\net8.0\civitaback.tests.dll" id="1bf7e7bc-4460-b6e3-3c9e-5858cc7ccdb3">
      <Execution id="6519aad4-347f-4d33-98cb-1a5df0239719" />
      <TestMethod codeBase="C:\Users\gonza\source\repos\tpi\CivitaBack\CivitaBack.Test\bin\Release\net8.0\CivitaBack.Tests.dll" adapterTypeName="executor://xunit/VsTestRunner2/netcoreapp" className="CivitaBack.Tests.TipoEstructuraTest" name="TipoEstructura_WithNullValues_PropertiesCanBeNull" />
    </UnitTest>
    <UnitTest name="CivitaBack.Tests.TipoLogroTest.TipoLogro_WithEmptyNombre_CanBeSetToEmpty" storage="c:\users\gonza\source\repos\tpi\civitaback\civitaback.test\bin\release\net8.0\civitaback.tests.dll" id="31636527-3f8f-f46d-55f2-f8707dc43440">
      <Execution id="613049bf-899d-49ed-a185-2eff0dd67450" />
      <TestMethod codeBase="C:\Users\gonza\source\repos\tpi\CivitaBack\CivitaBack.Test\bin\Release\net8.0\CivitaBack.Tests.dll" adapterTypeName="executor://xunit/VsTestRunner2/netcoreapp" className="CivitaBack.Tests.TipoLogroTest" name="TipoLogro_WithEmptyNombre_CanBeSetToEmpty" />
    </UnitTest>
    <UnitTest name="CivitaBack.Tests.TipTest.Tip_Constructor_InitializesProperties" storage="c:\users\gonza\source\repos\tpi\civitaback\civitaback.test\bin\release\net8.0\civitaback.tests.dll" id="b261b6b3-02a5-8d3d-e77a-2577053fdb80">
[...]
    <UnitTest name="CivitaBack.Tests.PartidaLogicaTest.Actualizar_CuandoNoSeEncuentraPartida_LanzaError" storage="c:\users\gonza\source\repos\tpi\civitaback\civitaback.test\bin\release\net8.0\civitaback.tests.dll" id="c30097ad-215d-42d5-2a1c-4a52fe053223">
      <Execution id="ed37b048-0d2f-4ab4-ba5f-db5eeed1ca0d" />
      <TestMethod codeBase="C:\Users\gonza\source\repos\tpi\CivitaBack\CivitaBack.Test\bin\Release\net8.0\CivitaBack.Tests.dll" adapterTypeName="executor://xunit/VsTestRunner2/netcoreapp" className="CivitaBack.Tests.PartidaLogicaTest" name="Actualizar_CuandoNoSeEncuentraPartida_LanzaError" />
    </UnitTest>
    <UnitTest name="CivitaBack.Tests.LogroTest.Logro_SetProperties_ValuesAreSet" storage="c:\users\gonza\source\repos\tpi\civitaback\civitaback.test\bin\release\net8.0\civitaback.tests.dll" id="c2cbbcea-ff4f-3f28-5ca2-2fc94d3f5d44">
      <Execution id="c3414a8a-e9a7-4185-a727-85d7de694742" />
      <TestMethod codeBase="C:\Users\gonza\source\repos\tpi\CivitaBack\CivitaBack.Test\bin\Release\net8.0\CivitaBack.Tests.dll" adapterTypeName="executor://xunit/VsTestRunner2/netcoreapp" className="CivitaBack.Tests.LogroTest" name="Logro_SetProperties_ValuesAreSet" />
    </UnitTest>
    <UnitTest name="CivitaBack.Tests.TipTest.Tip_SetProperties_ValuesAreSet" storage="c:\users\gonza\source\repos\tpi\civitaback\civitaback.test\bin\release\net8.0\civitaback.tests.dll" id="eab81d07-54b9-73e9-d262-cd4838e0e6c8">
      <Execution id="e4d8e976-bae4-4eef-a367-f8be4d0b3e43" />
      <TestMethod codeBase="C:\Users\gonza\source\repos\tpi\CivitaBack\CivitaBack.Test\bin\Release\net8.0\CivitaBack.Tests.dll" adapterTypeName="executor://xunit/VsTestRunner2/netcoreapp" className="CivitaBack.Tests.TipTest" name="Tip_SetProperties_ValuesAreSet" />
    </UnitTest>
    <UnitTest name="CivitaBack.Tests.TipoTipTest.TipoTip_Constructor_InitializesProperties" storage="c:\users\gonza\source\repos\tpi\civitaback\civitaback.test\bin\release\net8.0\civitaback.tests.dll" id="2de0ad6f-75fc-22d8-7aeb-1581f260e898">
      <Execution id="38dc8c2d-b77b-4247-93ab-ec04325d6b95" />
      <TestMethod codeBase="C:\Users\gonza\source\repos\tpi\CivitaBack\CivitaBack.Test\bin\Release\net8.0\CivitaBack.Tests.dll" adapterTypeName="executor://xunit/VsTestRunner2/netcoreapp" className="CivitaBack.Tests.TipoTipTest" name="TipoTip_Constructor_InitializesProperties" />
    </UnitTest>
    <UnitTest name="CivitaBack.Tests.PartidaTest.Partida_WithNullValues_PropertiesCanBeNull" storage="c:\users\gonza\source\repos\tpi\civitaback\civitaback.test\bin\release\net8.0\civitaback.tests.dll" id="520ef232-147d-9a38-c992-73b0ca2df797">
      <Execution id="31dca12c-8438-424a-bdaa-e116c5b82a9b" />
      <TestMethod codeBase="C:\Users\gonza\source\repos\tpi\CivitaBack\CivitaBack.Test\bin\Release\net8.0\CivitaBack.Tests.dll" adapterTypeName="executor://xunit/VsTestRunner2/netcoreapp" className="CivitaBack.Tests.PartidaTest" name="Partida_WithNullValues_PropertiesCanBeNull" />
    </UnitTest>
    <UnitTest name="CivitaBack.Tests.EstructuraEnMapaTest.EstructuraEnMapa_WithNullValues_PropertiesCanBeNull" storage="c:\users\gonza\source\repos\tpi\civitaback\civitaback.test\bin\release\net8.0\civitaback.tests.dll" id="f86f4096-cb30-9126-17f5-1222349fdad7">
      <Execution id="0fbf9e84-8c61-4433-a043-d402be661482" />
      <TestMethod codeBase="C:\Users\gonza\source\repos\tpi\CivitaBack\CivitaBack.Test\bin\Release\net8.0\CivitaBack.Tests.dll" adapterTypeName="executor://xunit/VsTestRunner2/netcoreapp" className="CivitaBack.Tests.EstructuraEnMapaTest" name="EstructuraEnMapa_WithNullValues_PropertiesCanBeNull" />
    </UnitTest>
    <UnitTest name="CivitaBack.Tests.PartidaLogicaTest.Actualizar_CuandoPartidaYUsuarioSonNull_LanzaError" storage="c:\users\gonza\source\repos\tpi\civitaback\civitaback.test\bin\release\net8.0\civitaback.tests.dll" id="1a6dafde-2738-bfe5-d4db-a6ff8383b5fc">
      <Execution id="7b69c8e5-37a8-424e-9f8b-fde19cf461c9" />
      <TestMethod codeBase="C:\Users\gonza\source\repos\tpi\CivitaBack\CivitaBack.Test\bin\Release\net8.0\CivitaBack.Tests.dll" adapterTypeName="executor://xunit/VsTestRunner2/netcoreapp" className="CivitaBack.Tests.PartidaLogicaTest" name="Actualizar_CuandoPartidaYUsuarioSonNull_LanzaError" />
    </UnitTest>
    <UnitTest name="CivitaBack.Tests.UsuarioTest.Usuario_SetProperties_ValuesAreSet" storage="c:\users\gonza\source\repos\tpi\civitaback\civitaback.test\bin\release\net8.0\civitaback.tests.dll" id="ceddba89-bfc6-f393-3111-b7220ecb581a">
      <Execution id="10a9b606-d4b7-4107-ba6a-6491ad836eed" />
      <TestMethod codeBase="C:\Users\gonza\source\repos\tpi\CivitaBack\CivitaBack.Test\bin\Release\net8.0\CivitaBack.Tests.dll" adapterTypeName="executor://xunit/VsTestRunner2/netcoreapp" className="CivitaBack.Tests.UsuarioTest" name="Usuario_SetProperties_ValuesAreSet" />
    </UnitTest>
    <UnitTest name="CivitaBack.Tests.EventoMaestroTest.EventoMaestro_WithNullValues_PropertiesCanBeNull" storage="c:\users\gonza\source\repos\tpi\civitaback\civitaback.test\bin\release\net8.0\civitaback.tests.dll" id="73856d64-6677-0893-e6ae-3c8a8badfa9e">
      <Execution id="f6910137-2570-40bb-9869-2b2f2ea0bf44" />
      <TestMethod codeBase="C:\Users\gonza\source\repos\tpi\CivitaBack\CivitaBack.Test\bin\Release\net8.0\CivitaBack.Tests.dll" adapterTypeName="executor://xunit/VsTestRunner2/netcoreapp" className="CivitaBack.Tests.EventoMaestroTest" name="EventoMaestro_WithNullValues_PropertiesCanBeNull" />
    </UnitTest>
  </TestDefinitions>
  <TestEntries>
    <TestEntry testId="76957913-2b80-9e50-fc60-26392cc2d27f" executionId="efb8e852-1fab-4b18-8aa5-a469afe9f069" testListId="8c84fa94-04c1-424b-9868-57a2d4851a1d" />
    <TestEntry testId="8452d044-7278-eb45-8d38-e52df3719c3e" executionId="c58f8c6f-a967-457b-a9b3-9c6289413127" testListId="8c84fa94-04c1-424b-9868-57a2d4851a1d" />
    <TestEntry testId="251cfa62-b334-884e-55cb-32a7e99d92a9" executionId="1a012e07-ca41-4763-8b53-64cdb0f0dc17" testListId="8c84fa94-04c1-424b-9868-57a2d4851a1d" />
    <TestEntry testId="c2f55611-fdc0-a667-80a2-3c423d249eec" executionId="77e3d5f6-9830-4acb-a0a9-ef3c6ee8eeae" testListId="8c84fa94-04c1-424b-9868-57a2d4851a1d" />
    <TestEntry testId="3884a933-cd3d-87b9-d5e9-55475683f8c3" executionId="de8970f2-4148-41b5-b65c-a02c48e3d7e3" testListId="8c84fa94-04c1-424b-9868-57a2d4851a1d" />
    <TestEntry testId="1674e7ac-ca2e-2210-c7d4-32869770c208" executionId="b5212702-7a81-4e70-807f-97e3f65344f8" testListId="8c84fa94-04c1-424b-9868-57a2d4851a1d" />
    <TestEntry testId="a7b6a6cb-60e1-679a-f36e-44fac5da7764" executionId="6323b9fe-b99e-4ec7-b731-62ab1e05aa1c" testListId="8c84fa94-04c1-424b-9868-57a2d4851a1d" />
    <TestEntry testId="23821415-d63c-d753-92e5-9f817ed54149" executionId="a1755ce3-d967-480d-ace5-f5266e98eb77" testListId="8c84fa94-04c1-424b-9868-57a2d4851a1d" />
    <TestEntry testId="fc805667-fa9b-b8a5-4a96-a63ceb7fc242" executionId="f53a26ef-cc81-4437-825c-94d3df9d4267" testListId="8c84fa94-04c1-424b-9868-57a2d4851a1d" />
    <TestEntry testId="8858b634-947c-d120-ac20-f8d42bb942c1" executionId="0c781e01-96a9-4524-b2e6-df276a4c0701" testListId="8c84fa94-04c1-424b-9868-57a2d4851a1d" />
    <TestEntry testId="f7766b4b-9f3b-2752-8595-250d95a06b9a" executionId="148b365a-e284-4504-86f6-82c18b3ded93" testListId="8c84fa94-04c1-424b-9868-57a2d4851a1d" />
    <TestEntry testId="c2cbbcea-ff4f-3f28-5ca2-2fc94d3f5d44" executionId="c3414a8a-e9a7-4185-a727-85d7de694742" testListId="8c84fa94-04c1-424b-9868-57a2d4851a1d" />
    <TestEntry testId="c912e852-9162-ff9b-578f-b3d7aaa28de6" executionId="e9b16be3-ef28-40dc-b114-705b6f1d6f94" testListId="8c84fa94-04c1-424b-9868-57a2d4851a1d" />
    <TestEntry testId="f2eb30be-4f5e-810d-7e27-a8f927637f50" executionId="a87b3e2b-917a-4e7f-93f4-940fe475c664" testListId="8c84fa94-04c1-424b-9868-57a2d4851a1d" />
    <TestEntry testId="b261b6b3-02a5-8d3d-e77a-2577053fdb80" executionId="38172c20-7452-4ead-bc5f-b05bbca8c25c" testListId="8c84fa94-04c1-424b-9868-57a2d4851a1d" />
    <TestEntry testId="ae52e9d7-e091-c2df-eaee-3445edf45183" executionId="9e42ec5e-6451-4a8a-b964-05e625582299" testListId="8c84fa94-04c1-424b-9868-57a2d4851a1d" />
    <TestEntry testId="45ece9f3-f0cb-e7fc-2924-ae96290e3692" executionId="d3ac114f-dd1e-4914-ad74-63370bccff83" testListId="8c84fa94-04c1-424b-9868-57a2d4851a1d" />
    <TestEntry testId="d9aef593-5644-15d1-6466-396f4b196282" executionId="0d194d2e-5804-4cd6-b54b-5cae0e5f04a5" testListId="8c84fa94-04c1-424b-9868-57a2d4851a1d" />
    <TestEntry testId="a826aa48-df8c-234b-4407-a774c6fe0985" executionId="4f4abd68-c113-4199-854f-1133dc952202" testListId="8c84fa94-04c1-424b-9868-57a2d4851a1d" />
    <TestEntry testId="4d9fcc87-c3c2-a3b6-65be-60843ebd8083" executionId="7abf9ccc-c421-4f5b-b9c5-e20967753c7f" testListId="8c84fa94-04c1-424b-9868-57a2d4851a1d" />
    <TestEntry testId="0bb93918-ffb5-0479-f7d9-53fc0d445728" executionId="3c844c24-31b7-49f2-9899-902f34ae3f8a" testListId="8c84fa94-04c1-424b-9868-57a2d4851a1d" />
    <TestEntry testId="6d4e2dea-4228-0709-cd3b-aa7f60423edb" executionId="3d18cc31-f144-4f67-8884-2119ce0a34df" testListId="8c84fa94-04c1-424b-9868-57a2d4851a1d" />
    <TestEntry testId="0be9f91b-93e1-1389-aa7d-8feea4d5ba9d" executionId="1f13c462-4a56-4e4a-a796-afea65d51910" testListId="8c84fa94-04c1-424b-9868-57a2d4851a1d" />
    <TestEntry testId="f86f4096-cb30-9126-17f5-1222349fdad7" executionId="0fbf9e84-8c61-4433-a043-d402be661482" testListId="8c84fa94-04c1-424b-9868-57a2d4851a1d" />
    <TestEntry testId="fb84861a-9a3d-efb1-130a-2758ea2f90a3" executionId="d70d3b3e-a6a7-49b2-9222-2897e043e66c" testListId="8c84fa94-04c1-424b-9868-57a2d4851a1d" />
    <TestEntry testId="159a5f4e-4895-bce7-47df-89087bfec741" executionId="028a0f02-05cc-4b63-907b-582db6cbdb2c" testListId="8c84fa94-04c1-424b-9868-57a2d4851a1d" />
    <TestEntry testId="18146cca-7519-1a7a-140e-ac23b29378e8" executionId="689b07ab-64a8-4abd-b5ef-7df0b0ad4f2f" testListId="8c84fa94-04c1-424b-9868-57a2d4851a1d" />
    <TestEntry testId="9d62a938-9b85-7979-2edb-bcb498f7513b" executionId="c84be506-65c7-467c-a99c-7b2d66fb9680" testListId="8c84fa94-04c1-424b-9868-57a2d4851a1d" />
    <TestEntry testId="73856d64-6677-0893-e6ae-3c8a8badfa9e" executionId="f6910137-2570-40bb-9869-2b2f2ea0bf44" testListId="8c84fa94-04c1-424b-9868-57a2d4851a1d" />
    <TestEntry testId="18f36e8a-d565-aa22-0453-ad544b0574de" executionId="5cbb2138-c4d5-4f4c-a98d-22ffff15b30b" testListId="8c84fa94-04c1-424b-9868-57a2d4851a1d" />
    <TestEntry testId="eab81d07-54b9-73e9-d262-cd4838e0e6c8" executionId="e4d8e976-bae4-4eef-a367-f8be4d0b3e43" testListId="8c84fa94-04c1-424b-9868-57a2d4851a1d" />
    <TestEntry testId="38c08d14-a731-066d-35e5-99da84d8f54f" executionId="c34db968-78ab-440e-b3ad-f53ca5c24178" testListId="8c84fa94-04c1-424b-9868-57a2d4851a1d" />
    <TestEntry testId="1bf7e7bc-4460-b6e3-3c9e-5858cc7ccdb3" executionId="6519aad4-347f-4d33-98cb-1a5df0239719" testListId="8c84fa94-04c1-424b-9868-57a2d4851a1d" />
    <TestEntry testId="be9aaa1e-8ad2-a794-f4fc-d5f30e19a6e9" executionId="b9ff3504-acdc-48dc-9fbb-9a57e4475853" testListId="8c84fa94-04c1-424b-9868-57a2d4851a1d" />
    <TestEntry testId="3cb48f57-caca-3d6e-0504-0951b707307a" executionId="5bde6876-810d-4045-9894-f29faaacb553" testListId="8c84fa94-04c1-424b-9868-57a2d4851a1d" />
    <TestEntry testId="ff8cd951-5150-f025-f008-5771e0bf52eb" executionId="7fe94e23-10ff-4622-9d06-d132963580a0" testListId="8c84fa94-04c1-424b-9868-57a2d4851a1d" />
    <TestEntry testId="409f8056-a349-6849-a90d-6a35142db405" executionId="6dd9e5bd-8b0c-4f84-ba77-311fe4c6bb61" testListId="8c84fa94-04c1-424b-9868-57a2d4851a1d" />
    <TestEntry testId="8dbeefa4-3b18-2596-444e-6aa59d0f1ae2" executionId="96a88a1d-6c26-4179-af76-07aa80be9b10" testListId="8c84fa94-04c1-424b-9868-57a2d4851a1d" />
    <TestEntry testId="e9474f96-abcc-08d5-719e-10ad66aefaec" executionId="2a305d8c-04ea-43fa-a37f-edb71c2c0a49" testListId="8c84fa94-04c1-424b-9868-57a2d4851a1d" />
    <TestEntry testId="03f02881-9810-4f80-406b-3c0fc88df5db" executionId="d9b24111-aecc-476c-ac84-622d9fde9805" testListId="8c84fa94-04c1-424b-9868-57a2d4851a1d" />
    <TestEntry testId="5eaecec1-3f36-5a26-3b70-42010b43778a" executionId="e2a4d70a-2740-4db6-94c0-337feef41bb1" testListId="8c84fa94-04c1-424b-9868-57a2d4851a1d" />
    <TestEntry testId="56950016-98dc-b26c-1d1d-4496edbfa160" executionId="5fb56f40-ea51-4138-af4b-ccc5aa1c7c9f" testListId="8c84fa94-04c1-424b-9868-57a2d4851a1d" />
    <TestEntry testId="6a62bbca-aef6-b4fa-9557-2e4110d17008" executionId="e6cfbb76-7374-4f38-91c3-081af1deec5d" testListId="8c84fa94-04c1-424b-9868-57a2d4851a1d" />
    <TestEntry testId="1c971af2-f64b-39da-1175-0058ac4cc428" executionId="60c1fde2-d4b4-4874-8485-d96b75447425" testListId="8c84fa94-04c1-424b-9868-57a2d4851a1d" />
    <TestEntry testId="ceddba89-bfc6-f393-3111-b7220ecb581a" executionId="10a9b606-d4b7-4107-ba6a-6491ad836eed" testListId="8c84fa94-04c1-424b-9868-57a2d4851a1d" />
    <TestEntry testId="97c3a9bd-57e4-1158-9658-2df0d4e92f81" executionId="810dbb8b-cb55-4cf3-b706-be2d333b3999" testListId="8c84fa94-04c1-424b-9868-57a2d4851a1d" />
    <TestEntry testId="a74ba6f8-ff06-3983-edd8-d5da20942e3c" executionId="a743cb2c-73ef-4904-821b-6bd333b15603" testListId="8c84fa94-04c1-424b-9868-57a2d4851a1d" />
    <TestEntry testId="31636527-3f8f-f46d-55f2-f8707dc43440" executionId="613049bf-899d-49ed-a185-2eff0dd67450" testListId="8c84fa94-04c1-424b-9868-57a2d4851a1d" />
    <TestEntry testId="d123b7ae-be6b-a649-65f3-d255056bfb35" executionId="11af40f6-f161-4521-9ce8-30bab167f0ea" testListId="8c84fa94-04c1-424b-9868-57a2d4851a1d" />
    <TestEntry testId="92f1c936-b9c5-2111-9306-741529587726" executionId="5039832c-f303-4b60-bf4a-0b89d71a9dc0" testListId="8c84fa94-04c1-424b-9868-57a2d4851a1d" />
    <TestEntry testId="4655352b-211b-7059-694b-5f6f76ab1b4b" executionId="a98d8ad8-b01c-4a70-aae1-253034176568" testListId="8c84fa94-04c1-424b-9868-57a2d4851a1d" />
    <TestEntry testId="2959a000-f13a-389e-07a6-d9379ea9ec58" executionId="743a6a38-97f2-43c1-8d50-ec236510ee97" testListId="8c84fa94-04c1-424b-9868-57a2d4851a1d" />
    <TestEntry testId="3e84db68-6dd1-357d-6682-d1e7d8bd5487" executionId="339efa41-c146-4169-925a-8da83f9bb20c" testListId="8c84fa94-04c1-424b-9868-57a2d4851a1d" />
    <TestEntry testId="92b14e94-9bab-da76-f60e-e4b28953a972" executionId="117e866a-25bb-4860-af96-0826aad80eb7" testListId="8c84fa94-04c1-424b-9868-57a2d4851a1d" />
    <TestEntry testId="91e42b23-68b1-bdbc-00c9-a3298112562d" executionId="b14df456-aa28-456d-b3ff-199cca4ce4a2" testListId="8c84fa94-04c1-424b-9868-57a2d4851a1d" />
    <TestEntry testId="4aaaa849-8179-16e3-8ef7-547382b2535f" executionId="8e8ee3b1-427a-4176-bb4a-7a16f12aef72" testListId="8c84fa94-04c1-424b-9868-57a2d4851a1d" />
    <TestEntry testId="eb187952-b2ce-0ff8-1ff4-a44581a1021e" executionId="05b866d1-1460-4729-8a5f-cfe36e8fbc21" testListId="8c84fa94-04c1-424b-9868-57a2d4851a1d" />
    <TestEntry testId="59029712-ebc4-ecf5-a63f-f649f2c02bee" executionId="bf4fdbf5-6c87-4e8a-a8b2-1c1d4d85c622" testListId="8c84fa94-04c1-424b-9868-57a2d4851a1d" />
    <TestEntry testId="1d1f52d2-d46a-6abe-2757-8c6f764935c7" executionId="67997b51-63ee-414b-af85-977c5f90aad1" testListId="8c84fa94-04c1-424b-9868-57a2d4851a1d" />
    <TestEntry testId="e4e187c2-a658-ed4f-e896-1b3dc8e0bb85" executionId="a52de49f-d1d5-4801-a8ab-46a073bbc971" testListId="8c84fa94-04c1-424b-9868-57a2d4851a1d" />
    <TestEntry testId="27eb130a-ce59-13ae-3329-7317d692e021" executionId="ee8ca909-5fe8-45d5-9bcc-d1588a0aaf78" testListId="8c84fa94-04c1-424b-9868-57a2d4851a1d" />
    <TestEntry testId="3da185b5-4a9a-6486-9f46-4c3487f751f1" executionId="ed35c8e1-c787-481b-82b5-4153dfb83360" testListId="8c84fa94-04c1-424b-9868-57a2d4851a1d" />
    <TestEntry testId="9cd4ac80-4553-ff75-098a-39a0dbda40e6" executionId="2f960717-baf3-45e9-a706-010f5563a279" testListId="8c84fa94-04c1-424b-9868-57a2d4851a1d" />
    <TestEntry testId="f15896b5-b7f1-d8a0-c065-57b5f70a001a" executionId="77de77c3-d110-4305-b699-bb696b0f4ffa" testListId="8c84fa94-04c1-424b-9868-57a2d4851a1d" />
    <TestEntry testId="98d318fd-2a56-27fc-c860-34ef23cb9aa3" executionId="1776074f-7b70-409d-a408-cd8a91ceb215" testListId="8c84fa94-04c1-424b-9868-57a2d4851a1d" />
    <TestEntry testId="c30097ad-215d-42d5-2a1c-4a52fe053223" executionId="ed37b048-0d2f-4ab4-ba5f-db5eeed1ca0d" testListId="8c84fa94-04c1-424b-9868-57a2d4851a1d" />
    <TestEntry testId="993d4c39-cba7-2eb9-116b-14a9ed0497e6" executionId="3fb2400a-d403-45b4-b732-b6f70b231f53" testListId="8c84fa94-04c1-424b-9868-57a2d4851a1d" />
    <TestEntry testId="ca617a64-61a8-4ee0-e444-b6be2bc05582" executionId="d840ffbb-60b3-4e57-bbd7-233ea52cb6b4" testListId="8c84fa94-04c1-424b-9868-57a2d4851a1d" />
    <TestEntry testId="d9273f4e-8e30-f929-9ddf-19c857778762" executionId="47e0b314-dbf5-48d9-b61a-f583033b7e2a" testListId="8c84fa94-04c1-424b-9868-57a2d4851a1d" />
    <TestEntry testId="3aa50b58-5ff2-5e90-c3b6-89e088224520" executionId="495db451-91aa-482f-be88-2f4c25af426b" testListId="8c84fa94-04c1-424b-9868-57a2d4851a1d" />
    <TestEntry testId="c35c951d-4da7-346e-7595-fdd0349424f8" executionId="b8f721c2-e53e-4238-b65a-9f9bfda366d0" testListId="8c84fa94-04c1-424b-9868-57a2d4851a1d" />
    <TestEntry testId="815254ea-5ca2-a58d-d88b-b921edc5e2aa" executionId="765d3b85-655a-490e-a95e-d46c2835a855" testListId="8c84fa94-04c1-424b-9868-57a2d4851a1d" />
    <TestEntry testId="2de0ad6f-75fc-22d8-7aeb-1581f260e898" executionId="38dc8c2d-b77b-4247-93ab-ec04325d6b95" testListId="8c84fa94-04c1-424b-9868-57a2d4851a1d" />
    <TestEntry testId="bcd2557c-af54-794a-0b38-2e8bef1cf5d9" executionId="70e3ac20-b3eb-498a-8e03-1e41ab833fd0" testListId="8c84fa94-04c1-424b-9868-57a2d4851a1d" />
    <TestEntry testId="520ef232-147d-9a38-c992-73b0ca2df797" executionId="31dca12c-8438-424a-bdaa-e116c5b82a9b" testListId="8c84fa94-04c1-424b-9868-57a2d4851a1d" />
    <TestEntry testId="21707c35-bae3-b33d-2920-dd3332627a7d" executionId="c263f80f-3a21-4bad-97a2-f7b37f8fb72c" testListId="8c84fa94-04c1-424b-9868-57a2d4851a1d" />
    <TestEntry testId="1a6dafde-2738-bfe5-d4db-a6ff8383b5fc" executionId="7b69c8e5-37a8-424e-9f8b-fde19cf461c9" testListId="8c84fa94-04c1-424b-9868-57a2d4851a1d" />
    <TestEntry testId="72354314-e52b-36e4-5205-de56f0692479" executionId="00366d85-9ae3-41e6-9a58-a239f416ff50" testListId="8c84fa94-04c1-424b-9868-57a2d4851a1d" />
    <TestEntry testId="4d8dd576-3cf9-2b33-3855-db7f66b30772" executionId="9b6b201a-31a6-4cd4-872b-1f7bd941b778" testListId="8c84fa94-04c1-424b-9868-57a2d4851a1d" />
    <TestEntry testId="d7bd214b-ceec-757f-7954-a67e474d3107" executionId="e427e3ee-c154-4712-83bf-ef1ae22fe0dd" testListId="8c84fa94-04c1-424b-9868-57a2d4851a1d" />
    <TestEntry testId="04fa129b-b15a-378d-ee91-7b680c90d6ad" executionId="bc0b602e-58f9-480c-a237-f98833e1ca41" testListId="8c84fa94-04c1-424b-9868-57a2d4851a1d" />
    <TestEntry testId="8f0105d5-a301-26ac-e8f1-8781d0a442ce" executionId="4acffba9-9aa8-4022-8cf6-210573d974f1" testListId="8c84fa94-04c1-424b-9868-57a2d4851a1d" />
  </TestEntries>
  <TestLists>
    <TestList name="Resultados sin formato de lista" id="8c84fa94-04c1-424b-9868-57a2d4851a1d" />
    <TestList name="Todos los resultados cargados" id="19431567-8539-422a-85d7-44ee4e166bda" />
  </TestLists>
  <ResultSummary outcome="Completed">
    <Counters total="82" executed="82" passed="82" failed="0" error="0" timeout="0" aborted="0" inconclusive="0" passedButRunAborted="0" notRunnable="0" notExecuted="0" disconnected="0" warning="0" completed="0" inProgress="0" pending="0" />
    <Output>
      <StdOut>[xUnit.net 00:00:00.00] xUnit.net VSTest Adapter v2.5.3.1+6b60a9e56a (64-bit .NET 8.0.20)&#xD;
[xUnit.net 00:00:00.74]   Discovering: CivitaBack.Tests&#xD;
[xUnit.net 00:00:00.80]   Discovered:  CivitaBack.Tests&#xD;
[xUnit.net 00:00:00.81]   Starting:    CivitaBack.Tests&#xD;
[xUnit.net 00:00:02.65]   Finished:    CivitaBack.Tests&#xD;
</StdOut>
    </Output>
  </ResultSummary>
</TestRun>